<?xml version="1.0" encoding="UTF-8"?>
<testsuite name="com.carbooking.taskApp.api.tests.BookingApiTest" tests="13" skipped="0" failures="13" errors="0" timestamp="2026-03-25T17:00:30.500Z" hostname="VITROM" time="5.001">
  <properties/>
  <testcase name="testCreateBooking_InvalidDateRange_ShouldReturn400" classname="com.carbooking.taskApp.api.tests.BookingApiTest" time="1.751">
    <failure message="java.lang.AssertionError: Error during login attempt! expected [200] but found [401]" type="java.lang.AssertionError">java.lang.AssertionError: Error during login attempt! expected [200] but found [401]
	at org.testng.Assert.fail(Assert.java:111)
	at org.testng.Assert.failNotEquals(Assert.java:1578)
	at org.testng.Assert.assertEqualsImpl(Assert.java:150)
	at org.testng.Assert.assertEquals(Assert.java:132)
	at org.testng.Assert.assertEquals(Assert.java:1419)
	at org.testng.Assert.assertEquals(Assert.java:1383)
	at com.carbooking.taskApp.api.config.BaseApiTest.login(BaseApiTest.java:69)
	at com.carbooking.taskApp.api.tests.BookingApiTest.testCreateBooking_InvalidDateRange_ShouldReturn400(BookingApiTest.java:93)
	at java.base/jdk.internal.reflect.DirectMethodHandleAccessor.invoke(DirectMethodHandleAccessor.java:103)
	at java.base/java.lang.reflect.Method.invoke(Method.java:580)
	at org.testng.internal.invokers.MethodInvocationHelper.invokeMethod(MethodInvocationHelper.java:141)
	at org.testng.internal.invokers.TestInvoker.invokeMethod(TestInvoker.java:686)
	at org.testng.internal.invokers.TestInvoker.invokeTestMethod(TestInvoker.java:230)
	at org.testng.internal.invokers.MethodRunner.runInSequence(MethodRunner.java:63)
	at org.testng.internal.invokers.TestInvoker$MethodInvocationAgent.invoke(TestInvoker.java:992)
	at org.testng.internal.invokers.TestInvoker.invokeTestMethods(TestInvoker.java:203)
	at org.testng.internal.invokers.TestMethodWorker.invokeTestMethods(TestMethodWorker.java:154)
	at org.testng.internal.invokers.TestMethodWorker.run(TestMethodWorker.java:134)
	at java.base/java.util.ArrayList.forEach(ArrayList.java:1596)
	at org.testng.TestRunner.privateRun(TestRunner.java:739)
	at org.testng.TestRunner.run(TestRunner.java:614)
	at org.testng.SuiteRunner.runTest(SuiteRunner.java:421)
	at org.testng.SuiteRunner.runSequentially(SuiteRunner.java:413)
	at org.testng.SuiteRunner.privateRun(SuiteRunner.java:373)
	at org.testng.SuiteRunner.run(SuiteRunner.java:312)
	at org.testng.SuiteRunnerWorker.runSuite(SuiteRunnerWorker.java:52)
	at org.testng.SuiteRunnerWorker.run(SuiteRunnerWorker.java:95)
	at org.testng.TestNG.runSuitesSequentially(TestNG.java:1274)
	at org.testng.TestNG.runSuitesLocally(TestNG.java:1208)
	at org.testng.TestNG.runSuites(TestNG.java:1112)
	at org.testng.TestNG.run(TestNG.java:1079)
	at org.gradle.api.internal.tasks.testing.testng.TestNGTestRunner.runTests(TestNGTestRunner.java:131)
	at org.gradle.api.internal.tasks.testing.testng.TestNGTestDefinitionProcessor.stop(TestNGTestDefinitionProcessor.java:110)
	at org.gradle.api.internal.tasks.testing.SuiteTestDefinitionProcessor.stop(SuiteTestDefinitionProcessor.java:64)
	at java.base/jdk.internal.reflect.DirectMethodHandleAccessor.invoke(DirectMethodHandleAccessor.java:103)
	at java.base/java.lang.reflect.Method.invoke(Method.java:580)
	at org.gradle.internal.dispatch.MethodInvocation.invokeOn(MethodInvocation.java:77)
	at org.gradle.internal.dispatch.ReflectionDispatch.dispatch(ReflectionDispatch.java:28)
	at org.gradle.internal.dispatch.ReflectionDispatch.dispatch(ReflectionDispatch.java:19)
	at org.gradle.internal.dispatch.ContextClassLoaderDispatch.dispatch(ContextClassLoaderDispatch.java:33)
	at org.gradle.internal.dispatch.ProxyDispatchAdapter$DispatchingInvocationHandler.invoke(ProxyDispatchAdapter.java:88)
	at jdk.proxy1/jdk.proxy1.$Proxy4.stop(Unknown Source)
	at org.gradle.api.internal.tasks.testing.worker.TestWorker$3.run(TestWorker.java:195)
	at org.gradle.api.internal.tasks.testing.worker.TestWorker.executeAndMaintainThreadName(TestWorker.java:126)
	at org.gradle.api.internal.tasks.testing.worker.TestWorker.execute(TestWorker.java:103)
	at org.gradle.api.internal.tasks.testing.worker.TestWorker.execute(TestWorker.java:63)
	at org.gradle.process.internal.worker.child.ActionExecutionWorker.execute(ActionExecutionWorker.java:56)
	at org.gradle.process.internal.worker.child.SystemApplicationClassLoaderWorker.call(SystemApplicationClassLoaderWorker.java:122)
	at org.gradle.process.internal.worker.child.SystemApplicationClassLoaderWorker.call(SystemApplicationClassLoaderWorker.java:72)
	at worker.org.gradle.process.internal.worker.GradleWorkerMain.run(GradleWorkerMain.java:69)
	at worker.org.gradle.process.internal.worker.GradleWorkerMain.main(GradleWorkerMain.java:74)
</failure>
  </testcase>
  <testcase name="testCreateBooking_PastDates_ShouldReturn400" classname="com.carbooking.taskApp.api.tests.BookingApiTest" time="0.237">
    <failure message="java.lang.AssertionError: Error during login attempt! expected [200] but found [401]" type="java.lang.AssertionError">java.lang.AssertionError: Error during login attempt! expected [200] but found [401]
	at org.testng.Assert.fail(Assert.java:111)
	at org.testng.Assert.failNotEquals(Assert.java:1578)
	at org.testng.Assert.assertEqualsImpl(Assert.java:150)
	at org.testng.Assert.assertEquals(Assert.java:132)
	at org.testng.Assert.assertEquals(Assert.java:1419)
	at org.testng.Assert.assertEquals(Assert.java:1383)
	at com.carbooking.taskApp.api.config.BaseApiTest.login(BaseApiTest.java:69)
	at com.carbooking.taskApp.api.tests.BookingApiTest.testCreateBooking_PastDates_ShouldReturn400(BookingApiTest.java:119)
	at java.base/jdk.internal.reflect.DirectMethodHandleAccessor.invoke(DirectMethodHandleAccessor.java:103)
	at java.base/java.lang.reflect.Method.invoke(Method.java:580)
	at org.testng.internal.invokers.MethodInvocationHelper.invokeMethod(MethodInvocationHelper.java:141)
	at org.testng.internal.invokers.TestInvoker.invokeMethod(TestInvoker.java:686)
	at org.testng.internal.invokers.TestInvoker.invokeTestMethod(TestInvoker.java:230)
	at org.testng.internal.invokers.MethodRunner.runInSequence(MethodRunner.java:63)
	at org.testng.internal.invokers.TestInvoker$MethodInvocationAgent.invoke(TestInvoker.java:992)
	at org.testng.internal.invokers.TestInvoker.invokeTestMethods(TestInvoker.java:203)
	at org.testng.internal.invokers.TestMethodWorker.invokeTestMethods(TestMethodWorker.java:154)
	at org.testng.internal.invokers.TestMethodWorker.run(TestMethodWorker.java:134)
	at java.base/java.util.ArrayList.forEach(ArrayList.java:1596)
	at org.testng.TestRunner.privateRun(TestRunner.java:739)
	at org.testng.TestRunner.run(TestRunner.java:614)
	at org.testng.SuiteRunner.runTest(SuiteRunner.java:421)
	at org.testng.SuiteRunner.runSequentially(SuiteRunner.java:413)
	at org.testng.SuiteRunner.privateRun(SuiteRunner.java:373)
	at org.testng.SuiteRunner.run(SuiteRunner.java:312)
	at org.testng.SuiteRunnerWorker.runSuite(SuiteRunnerWorker.java:52)
	at org.testng.SuiteRunnerWorker.run(SuiteRunnerWorker.java:95)
	at org.testng.TestNG.runSuitesSequentially(TestNG.java:1274)
	at org.testng.TestNG.runSuitesLocally(TestNG.java:1208)
	at org.testng.TestNG.runSuites(TestNG.java:1112)
	at org.testng.TestNG.run(TestNG.java:1079)
	at org.gradle.api.internal.tasks.testing.testng.TestNGTestRunner.runTests(TestNGTestRunner.java:131)
	at org.gradle.api.internal.tasks.testing.testng.TestNGTestDefinitionProcessor.stop(TestNGTestDefinitionProcessor.java:110)
	at org.gradle.api.internal.tasks.testing.SuiteTestDefinitionProcessor.stop(SuiteTestDefinitionProcessor.java:64)
	at java.base/jdk.internal.reflect.DirectMethodHandleAccessor.invoke(DirectMethodHandleAccessor.java:103)
	at java.base/java.lang.reflect.Method.invoke(Method.java:580)
	at org.gradle.internal.dispatch.MethodInvocation.invokeOn(MethodInvocation.java:77)
	at org.gradle.internal.dispatch.ReflectionDispatch.dispatch(ReflectionDispatch.java:28)
	at org.gradle.internal.dispatch.ReflectionDispatch.dispatch(ReflectionDispatch.java:19)
	at org.gradle.internal.dispatch.ContextClassLoaderDispatch.dispatch(ContextClassLoaderDispatch.java:33)
	at org.gradle.internal.dispatch.ProxyDispatchAdapter$DispatchingInvocationHandler.invoke(ProxyDispatchAdapter.java:88)
	at jdk.proxy1/jdk.proxy1.$Proxy4.stop(Unknown Source)
	at org.gradle.api.internal.tasks.testing.worker.TestWorker$3.run(TestWorker.java:195)
	at org.gradle.api.internal.tasks.testing.worker.TestWorker.executeAndMaintainThreadName(TestWorker.java:126)
	at org.gradle.api.internal.tasks.testing.worker.TestWorker.execute(TestWorker.java:103)
	at org.gradle.api.internal.tasks.testing.worker.TestWorker.execute(TestWorker.java:63)
	at org.gradle.process.internal.worker.child.ActionExecutionWorker.execute(ActionExecutionWorker.java:56)
	at org.gradle.process.internal.worker.child.SystemApplicationClassLoaderWorker.call(SystemApplicationClassLoaderWorker.java:122)
	at org.gradle.process.internal.worker.child.SystemApplicationClassLoaderWorker.call(SystemApplicationClassLoaderWorker.java:72)
	at worker.org.gradle.process.internal.worker.GradleWorkerMain.run(GradleWorkerMain.java:69)
	at worker.org.gradle.process.internal.worker.GradleWorkerMain.main(GradleWorkerMain.java:74)
</failure>
  </testcase>
  <testcase name="testCreateBooking_ValidData_ShouldReturn201" classname="com.carbooking.taskApp.api.tests.BookingApiTest" time="0.215">
    <failure message="java.lang.AssertionError: Error during login attempt! expected [200] but found [401]" type="java.lang.AssertionError">java.lang.AssertionError: Error during login attempt! expected [200] but found [401]
	at org.testng.Assert.fail(Assert.java:111)
	at org.testng.Assert.failNotEquals(Assert.java:1578)
	at org.testng.Assert.assertEqualsImpl(Assert.java:150)
	at org.testng.Assert.assertEquals(Assert.java:132)
	at org.testng.Assert.assertEquals(Assert.java:1419)
	at org.testng.Assert.assertEquals(Assert.java:1383)
	at com.carbooking.taskApp.api.config.BaseApiTest.login(BaseApiTest.java:69)
	at com.carbooking.taskApp.api.tests.BookingApiTest.testCreateBooking_ValidData_ShouldReturn201(BookingApiTest.java:26)
	at java.base/jdk.internal.reflect.DirectMethodHandleAccessor.invoke(DirectMethodHandleAccessor.java:103)
	at java.base/java.lang.reflect.Method.invoke(Method.java:580)
	at org.testng.internal.invokers.MethodInvocationHelper.invokeMethod(MethodInvocationHelper.java:141)
	at org.testng.internal.invokers.TestInvoker.invokeMethod(TestInvoker.java:686)
	at org.testng.internal.invokers.TestInvoker.invokeTestMethod(TestInvoker.java:230)
	at org.testng.internal.invokers.MethodRunner.runInSequence(MethodRunner.java:63)
	at org.testng.internal.invokers.TestInvoker$MethodInvocationAgent.invoke(TestInvoker.java:992)
	at org.testng.internal.invokers.TestInvoker.invokeTestMethods(TestInvoker.java:203)
	at org.testng.internal.invokers.TestMethodWorker.invokeTestMethods(TestMethodWorker.java:154)
	at org.testng.internal.invokers.TestMethodWorker.run(TestMethodWorker.java:134)
	at java.base/java.util.ArrayList.forEach(ArrayList.java:1596)
	at org.testng.TestRunner.privateRun(TestRunner.java:739)
	at org.testng.TestRunner.run(TestRunner.java:614)
	at org.testng.SuiteRunner.runTest(SuiteRunner.java:421)
	at org.testng.SuiteRunner.runSequentially(SuiteRunner.java:413)
	at org.testng.SuiteRunner.privateRun(SuiteRunner.java:373)
	at org.testng.SuiteRunner.run(SuiteRunner.java:312)
	at org.testng.SuiteRunnerWorker.runSuite(SuiteRunnerWorker.java:52)
	at org.testng.SuiteRunnerWorker.run(SuiteRunnerWorker.java:95)
	at org.testng.TestNG.runSuitesSequentially(TestNG.java:1274)
	at org.testng.TestNG.runSuitesLocally(TestNG.java:1208)
	at org.testng.TestNG.runSuites(TestNG.java:1112)
	at org.testng.TestNG.run(TestNG.java:1079)
	at org.gradle.api.internal.tasks.testing.testng.TestNGTestRunner.runTests(TestNGTestRunner.java:131)
	at org.gradle.api.internal.tasks.testing.testng.TestNGTestDefinitionProcessor.stop(TestNGTestDefinitionProcessor.java:110)
	at org.gradle.api.internal.tasks.testing.SuiteTestDefinitionProcessor.stop(SuiteTestDefinitionProcessor.java:64)
	at java.base/jdk.internal.reflect.DirectMethodHandleAccessor.invoke(DirectMethodHandleAccessor.java:103)
	at java.base/java.lang.reflect.Method.invoke(Method.java:580)
	at org.gradle.internal.dispatch.MethodInvocation.invokeOn(MethodInvocation.java:77)
	at org.gradle.internal.dispatch.ReflectionDispatch.dispatch(ReflectionDispatch.java:28)
	at org.gradle.internal.dispatch.ReflectionDispatch.dispatch(ReflectionDispatch.java:19)
	at org.gradle.internal.dispatch.ContextClassLoaderDispatch.dispatch(ContextClassLoaderDispatch.java:33)
	at org.gradle.internal.dispatch.ProxyDispatchAdapter$DispatchingInvocationHandler.invoke(ProxyDispatchAdapter.java:88)
	at jdk.proxy1/jdk.proxy1.$Proxy4.stop(Unknown Source)
	at org.gradle.api.internal.tasks.testing.worker.TestWorker$3.run(TestWorker.java:195)
	at org.gradle.api.internal.tasks.testing.worker.TestWorker.executeAndMaintainThreadName(TestWorker.java:126)
	at org.gradle.api.internal.tasks.testing.worker.TestWorker.execute(TestWorker.java:103)
	at org.gradle.api.internal.tasks.testing.worker.TestWorker.execute(TestWorker.java:63)
	at org.gradle.process.internal.worker.child.ActionExecutionWorker.execute(ActionExecutionWorker.java:56)
	at org.gradle.process.internal.worker.child.SystemApplicationClassLoaderWorker.call(SystemApplicationClassLoaderWorker.java:122)
	at org.gradle.process.internal.worker.child.SystemApplicationClassLoaderWorker.call(SystemApplicationClassLoaderWorker.java:72)
	at worker.org.gradle.process.internal.worker.GradleWorkerMain.run(GradleWorkerMain.java:69)
	at worker.org.gradle.process.internal.worker.GradleWorkerMain.main(GradleWorkerMain.java:74)
</failure>
  </testcase>
  <testcase name="testCreateBooking_WithoutUserId_ShouldReturn400" classname="com.carbooking.taskApp.api.tests.BookingApiTest" time="0.227">
    <failure message="java.lang.AssertionError: Error during login attempt! expected [200] but found [401]" type="java.lang.AssertionError">java.lang.AssertionError: Error during login attempt! expected [200] but found [401]
	at org.testng.Assert.fail(Assert.java:111)
	at org.testng.Assert.failNotEquals(Assert.java:1578)
	at org.testng.Assert.assertEqualsImpl(Assert.java:150)
	at org.testng.Assert.assertEquals(Assert.java:132)
	at org.testng.Assert.assertEquals(Assert.java:1419)
	at org.testng.Assert.assertEquals(Assert.java:1383)
	at com.carbooking.taskApp.api.config.BaseApiTest.login(BaseApiTest.java:69)
	at com.carbooking.taskApp.api.tests.BookingApiTest.testCreateBooking_WithoutUserId_ShouldReturn400(BookingApiTest.java:66)
	at java.base/jdk.internal.reflect.DirectMethodHandleAccessor.invoke(DirectMethodHandleAccessor.java:103)
	at java.base/java.lang.reflect.Method.invoke(Method.java:580)
	at org.testng.internal.invokers.MethodInvocationHelper.invokeMethod(MethodInvocationHelper.java:141)
	at org.testng.internal.invokers.TestInvoker.invokeMethod(TestInvoker.java:686)
	at org.testng.internal.invokers.TestInvoker.invokeTestMethod(TestInvoker.java:230)
	at org.testng.internal.invokers.MethodRunner.runInSequence(MethodRunner.java:63)
	at org.testng.internal.invokers.TestInvoker$MethodInvocationAgent.invoke(TestInvoker.java:992)
	at org.testng.internal.invokers.TestInvoker.invokeTestMethods(TestInvoker.java:203)
	at org.testng.internal.invokers.TestMethodWorker.invokeTestMethods(TestMethodWorker.java:154)
	at org.testng.internal.invokers.TestMethodWorker.run(TestMethodWorker.java:134)
	at java.base/java.util.ArrayList.forEach(ArrayList.java:1596)
	at org.testng.TestRunner.privateRun(TestRunner.java:739)
	at org.testng.TestRunner.run(TestRunner.java:614)
	at org.testng.SuiteRunner.runTest(SuiteRunner.java:421)
	at org.testng.SuiteRunner.runSequentially(SuiteRunner.java:413)
	at org.testng.SuiteRunner.privateRun(SuiteRunner.java:373)
	at org.testng.SuiteRunner.run(SuiteRunner.java:312)
	at org.testng.SuiteRunnerWorker.runSuite(SuiteRunnerWorker.java:52)
	at org.testng.SuiteRunnerWorker.run(SuiteRunnerWorker.java:95)
	at org.testng.TestNG.runSuitesSequentially(TestNG.java:1274)
	at org.testng.TestNG.runSuitesLocally(TestNG.java:1208)
	at org.testng.TestNG.runSuites(TestNG.java:1112)
	at org.testng.TestNG.run(TestNG.java:1079)
	at org.gradle.api.internal.tasks.testing.testng.TestNGTestRunner.runTests(TestNGTestRunner.java:131)
	at org.gradle.api.internal.tasks.testing.testng.TestNGTestDefinitionProcessor.stop(TestNGTestDefinitionProcessor.java:110)
	at org.gradle.api.internal.tasks.testing.SuiteTestDefinitionProcessor.stop(SuiteTestDefinitionProcessor.java:64)
	at java.base/jdk.internal.reflect.DirectMethodHandleAccessor.invoke(DirectMethodHandleAccessor.java:103)
	at java.base/java.lang.reflect.Method.invoke(Method.java:580)
	at org.gradle.internal.dispatch.MethodInvocation.invokeOn(MethodInvocation.java:77)
	at org.gradle.internal.dispatch.ReflectionDispatch.dispatch(ReflectionDispatch.java:28)
	at org.gradle.internal.dispatch.ReflectionDispatch.dispatch(ReflectionDispatch.java:19)
	at org.gradle.internal.dispatch.ContextClassLoaderDispatch.dispatch(ContextClassLoaderDispatch.java:33)
	at org.gradle.internal.dispatch.ProxyDispatchAdapter$DispatchingInvocationHandler.invoke(ProxyDispatchAdapter.java:88)
	at jdk.proxy1/jdk.proxy1.$Proxy4.stop(Unknown Source)
	at org.gradle.api.internal.tasks.testing.worker.TestWorker$3.run(TestWorker.java:195)
	at org.gradle.api.internal.tasks.testing.worker.TestWorker.executeAndMaintainThreadName(TestWorker.java:126)
	at org.gradle.api.internal.tasks.testing.worker.TestWorker.execute(TestWorker.java:103)
	at org.gradle.api.internal.tasks.testing.worker.TestWorker.execute(TestWorker.java:63)
	at org.gradle.process.internal.worker.child.ActionExecutionWorker.execute(ActionExecutionWorker.java:56)
	at org.gradle.process.internal.worker.child.SystemApplicationClassLoaderWorker.call(SystemApplicationClassLoaderWorker.java:122)
	at org.gradle.process.internal.worker.child.SystemApplicationClassLoaderWorker.call(SystemApplicationClassLoaderWorker.java:72)
	at worker.org.gradle.process.internal.worker.GradleWorkerMain.run(GradleWorkerMain.java:69)
	at worker.org.gradle.process.internal.worker.GradleWorkerMain.main(GradleWorkerMain.java:74)
</failure>
  </testcase>
  <testcase name="testDeleteBooking_ExistingBooking_ShouldReturn200" classname="com.carbooking.taskApp.api.tests.BookingApiTest" time="0.194">
    <failure message="java.lang.AssertionError: Error during login attempt! expected [200] but found [401]" type="java.lang.AssertionError">java.lang.AssertionError: Error during login attempt! expected [200] but found [401]
	at org.testng.Assert.fail(Assert.java:111)
	at org.testng.Assert.failNotEquals(Assert.java:1578)
	at org.testng.Assert.assertEqualsImpl(Assert.java:150)
	at org.testng.Assert.assertEquals(Assert.java:132)
	at org.testng.Assert.assertEquals(Assert.java:1419)
	at org.testng.Assert.assertEquals(Assert.java:1383)
	at com.carbooking.taskApp.api.config.BaseApiTest.login(BaseApiTest.java:69)
	at com.carbooking.taskApp.api.tests.BookingApiTest.testDeleteBooking_ExistingBooking_ShouldReturn200(BookingApiTest.java:301)
	at java.base/jdk.internal.reflect.DirectMethodHandleAccessor.invoke(DirectMethodHandleAccessor.java:103)
	at java.base/java.lang.reflect.Method.invoke(Method.java:580)
	at org.testng.internal.invokers.MethodInvocationHelper.invokeMethod(MethodInvocationHelper.java:141)
	at org.testng.internal.invokers.TestInvoker.invokeMethod(TestInvoker.java:686)
	at org.testng.internal.invokers.TestInvoker.invokeTestMethod(TestInvoker.java:230)
	at org.testng.internal.invokers.MethodRunner.runInSequence(MethodRunner.java:63)
	at org.testng.internal.invokers.TestInvoker$MethodInvocationAgent.invoke(TestInvoker.java:992)
	at org.testng.internal.invokers.TestInvoker.invokeTestMethods(TestInvoker.java:203)
	at org.testng.internal.invokers.TestMethodWorker.invokeTestMethods(TestMethodWorker.java:154)
	at org.testng.internal.invokers.TestMethodWorker.run(TestMethodWorker.java:134)
	at java.base/java.util.ArrayList.forEach(ArrayList.java:1596)
	at org.testng.TestRunner.privateRun(TestRunner.java:739)
	at org.testng.TestRunner.run(TestRunner.java:614)
	at org.testng.SuiteRunner.runTest(SuiteRunner.java:421)
	at org.testng.SuiteRunner.runSequentially(SuiteRunner.java:413)
	at org.testng.SuiteRunner.privateRun(SuiteRunner.java:373)
	at org.testng.SuiteRunner.run(SuiteRunner.java:312)
	at org.testng.SuiteRunnerWorker.runSuite(SuiteRunnerWorker.java:52)
	at org.testng.SuiteRunnerWorker.run(SuiteRunnerWorker.java:95)
	at org.testng.TestNG.runSuitesSequentially(TestNG.java:1274)
	at org.testng.TestNG.runSuitesLocally(TestNG.java:1208)
	at org.testng.TestNG.runSuites(TestNG.java:1112)
	at org.testng.TestNG.run(TestNG.java:1079)
	at org.gradle.api.internal.tasks.testing.testng.TestNGTestRunner.runTests(TestNGTestRunner.java:131)
	at org.gradle.api.internal.tasks.testing.testng.TestNGTestDefinitionProcessor.stop(TestNGTestDefinitionProcessor.java:110)
	at org.gradle.api.internal.tasks.testing.SuiteTestDefinitionProcessor.stop(SuiteTestDefinitionProcessor.java:64)
	at java.base/jdk.internal.reflect.DirectMethodHandleAccessor.invoke(DirectMethodHandleAccessor.java:103)
	at java.base/java.lang.reflect.Method.invoke(Method.java:580)
	at org.gradle.internal.dispatch.MethodInvocation.invokeOn(MethodInvocation.java:77)
	at org.gradle.internal.dispatch.ReflectionDispatch.dispatch(ReflectionDispatch.java:28)
	at org.gradle.internal.dispatch.ReflectionDispatch.dispatch(ReflectionDispatch.java:19)
	at org.gradle.internal.dispatch.ContextClassLoaderDispatch.dispatch(ContextClassLoaderDispatch.java:33)
	at org.gradle.internal.dispatch.ProxyDispatchAdapter$DispatchingInvocationHandler.invoke(ProxyDispatchAdapter.java:88)
	at jdk.proxy1/jdk.proxy1.$Proxy4.stop(Unknown Source)
	at org.gradle.api.internal.tasks.testing.worker.TestWorker$3.run(TestWorker.java:195)
	at org.gradle.api.internal.tasks.testing.worker.TestWorker.executeAndMaintainThreadName(TestWorker.java:126)
	at org.gradle.api.internal.tasks.testing.worker.TestWorker.execute(TestWorker.java:103)
	at org.gradle.api.internal.tasks.testing.worker.TestWorker.execute(TestWorker.java:63)
	at org.gradle.process.internal.worker.child.ActionExecutionWorker.execute(ActionExecutionWorker.java:56)
	at org.gradle.process.internal.worker.child.SystemApplicationClassLoaderWorker.call(SystemApplicationClassLoaderWorker.java:122)
	at org.gradle.process.internal.worker.child.SystemApplicationClassLoaderWorker.call(SystemApplicationClassLoaderWorker.java:72)
	at worker.org.gradle.process.internal.worker.GradleWorkerMain.run(GradleWorkerMain.java:69)
	at worker.org.gradle.process.internal.worker.GradleWorkerMain.main(GradleWorkerMain.java:74)
</failure>
  </testcase>
  <testcase name="testDeleteBooking_NonExistingId_ShouldReturn404" classname="com.carbooking.taskApp.api.tests.BookingApiTest" time="0.209">
    <failure message="java.lang.AssertionError: Error during login attempt! expected [200] but found [401]" type="java.lang.AssertionError">java.lang.AssertionError: Error during login attempt! expected [200] but found [401]
	at org.testng.Assert.fail(Assert.java:111)
	at org.testng.Assert.failNotEquals(Assert.java:1578)
	at org.testng.Assert.assertEqualsImpl(Assert.java:150)
	at org.testng.Assert.assertEquals(Assert.java:132)
	at org.testng.Assert.assertEquals(Assert.java:1419)
	at org.testng.Assert.assertEquals(Assert.java:1383)
	at com.carbooking.taskApp.api.config.BaseApiTest.login(BaseApiTest.java:69)
	at com.carbooking.taskApp.api.tests.BookingApiTest.testDeleteBooking_NonExistingId_ShouldReturn404(BookingApiTest.java:350)
	at java.base/jdk.internal.reflect.DirectMethodHandleAccessor.invoke(DirectMethodHandleAccessor.java:103)
	at java.base/java.lang.reflect.Method.invoke(Method.java:580)
	at org.testng.internal.invokers.MethodInvocationHelper.invokeMethod(MethodInvocationHelper.java:141)
	at org.testng.internal.invokers.TestInvoker.invokeMethod(TestInvoker.java:686)
	at org.testng.internal.invokers.TestInvoker.invokeTestMethod(TestInvoker.java:230)
	at org.testng.internal.invokers.MethodRunner.runInSequence(MethodRunner.java:63)
	at org.testng.internal.invokers.TestInvoker$MethodInvocationAgent.invoke(TestInvoker.java:992)
	at org.testng.internal.invokers.TestInvoker.invokeTestMethods(TestInvoker.java:203)
	at org.testng.internal.invokers.TestMethodWorker.invokeTestMethods(TestMethodWorker.java:154)
	at org.testng.internal.invokers.TestMethodWorker.run(TestMethodWorker.java:134)
	at java.base/java.util.ArrayList.forEach(ArrayList.java:1596)
	at org.testng.TestRunner.privateRun(TestRunner.java:739)
	at org.testng.TestRunner.run(TestRunner.java:614)
	at org.testng.SuiteRunner.runTest(SuiteRunner.java:421)
	at org.testng.SuiteRunner.runSequentially(SuiteRunner.java:413)
	at org.testng.SuiteRunner.privateRun(SuiteRunner.java:373)
	at org.testng.SuiteRunner.run(SuiteRunner.java:312)
	at org.testng.SuiteRunnerWorker.runSuite(SuiteRunnerWorker.java:52)
	at org.testng.SuiteRunnerWorker.run(SuiteRunnerWorker.java:95)
	at org.testng.TestNG.runSuitesSequentially(TestNG.java:1274)
	at org.testng.TestNG.runSuitesLocally(TestNG.java:1208)
	at org.testng.TestNG.runSuites(TestNG.java:1112)
	at org.testng.TestNG.run(TestNG.java:1079)
	at org.gradle.api.internal.tasks.testing.testng.TestNGTestRunner.runTests(TestNGTestRunner.java:131)
	at org.gradle.api.internal.tasks.testing.testng.TestNGTestDefinitionProcessor.stop(TestNGTestDefinitionProcessor.java:110)
	at org.gradle.api.internal.tasks.testing.SuiteTestDefinitionProcessor.stop(SuiteTestDefinitionProcessor.java:64)
	at java.base/jdk.internal.reflect.DirectMethodHandleAccessor.invoke(DirectMethodHandleAccessor.java:103)
	at java.base/java.lang.reflect.Method.invoke(Method.java:580)
	at org.gradle.internal.dispatch.MethodInvocation.invokeOn(MethodInvocation.java:77)
	at org.gradle.internal.dispatch.ReflectionDispatch.dispatch(ReflectionDispatch.java:28)
	at org.gradle.internal.dispatch.ReflectionDispatch.dispatch(ReflectionDispatch.java:19)
	at org.gradle.internal.dispatch.ContextClassLoaderDispatch.dispatch(ContextClassLoaderDispatch.java:33)
	at org.gradle.internal.dispatch.ProxyDispatchAdapter$DispatchingInvocationHandler.invoke(ProxyDispatchAdapter.java:88)
	at jdk.proxy1/jdk.proxy1.$Proxy4.stop(Unknown Source)
	at org.gradle.api.internal.tasks.testing.worker.TestWorker$3.run(TestWorker.java:195)
	at org.gradle.api.internal.tasks.testing.worker.TestWorker.executeAndMaintainThreadName(TestWorker.java:126)
	at org.gradle.api.internal.tasks.testing.worker.TestWorker.execute(TestWorker.java:103)
	at org.gradle.api.internal.tasks.testing.worker.TestWorker.execute(TestWorker.java:63)
	at org.gradle.process.internal.worker.child.ActionExecutionWorker.execute(ActionExecutionWorker.java:56)
	at org.gradle.process.internal.worker.child.SystemApplicationClassLoaderWorker.call(SystemApplicationClassLoaderWorker.java:122)
	at org.gradle.process.internal.worker.child.SystemApplicationClassLoaderWorker.call(SystemApplicationClassLoaderWorker.java:72)
	at worker.org.gradle.process.internal.worker.GradleWorkerMain.run(GradleWorkerMain.java:69)
	at worker.org.gradle.process.internal.worker.GradleWorkerMain.main(GradleWorkerMain.java:74)
</failure>
  </testcase>
  <testcase name="testGetAllBookings_ShouldReturn200" classname="com.carbooking.taskApp.api.tests.BookingApiTest" time="0.196">
    <failure message="java.lang.AssertionError: Error during login attempt! expected [200] but found [401]" type="java.lang.AssertionError">java.lang.AssertionError: Error during login attempt! expected [200] but found [401]
	at org.testng.Assert.fail(Assert.java:111)
	at org.testng.Assert.failNotEquals(Assert.java:1578)
	at org.testng.Assert.assertEqualsImpl(Assert.java:150)
	at org.testng.Assert.assertEquals(Assert.java:132)
	at org.testng.Assert.assertEquals(Assert.java:1419)
	at org.testng.Assert.assertEquals(Assert.java:1383)
	at com.carbooking.taskApp.api.config.BaseApiTest.login(BaseApiTest.java:69)
	at com.carbooking.taskApp.api.tests.BookingApiTest.testGetAllBookings_ShouldReturn200(BookingApiTest.java:368)
	at java.base/jdk.internal.reflect.DirectMethodHandleAccessor.invoke(DirectMethodHandleAccessor.java:103)
	at java.base/java.lang.reflect.Method.invoke(Method.java:580)
	at org.testng.internal.invokers.MethodInvocationHelper.invokeMethod(MethodInvocationHelper.java:141)
	at org.testng.internal.invokers.TestInvoker.invokeMethod(TestInvoker.java:686)
	at org.testng.internal.invokers.TestInvoker.invokeTestMethod(TestInvoker.java:230)
	at org.testng.internal.invokers.MethodRunner.runInSequence(MethodRunner.java:63)
	at org.testng.internal.invokers.TestInvoker$MethodInvocationAgent.invoke(TestInvoker.java:992)
	at org.testng.internal.invokers.TestInvoker.invokeTestMethods(TestInvoker.java:203)
	at org.testng.internal.invokers.TestMethodWorker.invokeTestMethods(TestMethodWorker.java:154)
	at org.testng.internal.invokers.TestMethodWorker.run(TestMethodWorker.java:134)
	at java.base/java.util.ArrayList.forEach(ArrayList.java:1596)
	at org.testng.TestRunner.privateRun(TestRunner.java:739)
	at org.testng.TestRunner.run(TestRunner.java:614)
	at org.testng.SuiteRunner.runTest(SuiteRunner.java:421)
	at org.testng.SuiteRunner.runSequentially(SuiteRunner.java:413)
	at org.testng.SuiteRunner.privateRun(SuiteRunner.java:373)
	at org.testng.SuiteRunner.run(SuiteRunner.java:312)
	at org.testng.SuiteRunnerWorker.runSuite(SuiteRunnerWorker.java:52)
	at org.testng.SuiteRunnerWorker.run(SuiteRunnerWorker.java:95)
	at org.testng.TestNG.runSuitesSequentially(TestNG.java:1274)
	at org.testng.TestNG.runSuitesLocally(TestNG.java:1208)
	at org.testng.TestNG.runSuites(TestNG.java:1112)
	at org.testng.TestNG.run(TestNG.java:1079)
	at org.gradle.api.internal.tasks.testing.testng.TestNGTestRunner.runTests(TestNGTestRunner.java:131)
	at org.gradle.api.internal.tasks.testing.testng.TestNGTestDefinitionProcessor.stop(TestNGTestDefinitionProcessor.java:110)
	at org.gradle.api.internal.tasks.testing.SuiteTestDefinitionProcessor.stop(SuiteTestDefinitionProcessor.java:64)
	at java.base/jdk.internal.reflect.DirectMethodHandleAccessor.invoke(DirectMethodHandleAccessor.java:103)
	at java.base/java.lang.reflect.Method.invoke(Method.java:580)
	at org.gradle.internal.dispatch.MethodInvocation.invokeOn(MethodInvocation.java:77)
	at org.gradle.internal.dispatch.ReflectionDispatch.dispatch(ReflectionDispatch.java:28)
	at org.gradle.internal.dispatch.ReflectionDispatch.dispatch(ReflectionDispatch.java:19)
	at org.gradle.internal.dispatch.ContextClassLoaderDispatch.dispatch(ContextClassLoaderDispatch.java:33)
	at org.gradle.internal.dispatch.ProxyDispatchAdapter$DispatchingInvocationHandler.invoke(ProxyDispatchAdapter.java:88)
	at jdk.proxy1/jdk.proxy1.$Proxy4.stop(Unknown Source)
	at org.gradle.api.internal.tasks.testing.worker.TestWorker$3.run(TestWorker.java:195)
	at org.gradle.api.internal.tasks.testing.worker.TestWorker.executeAndMaintainThreadName(TestWorker.java:126)
	at org.gradle.api.internal.tasks.testing.worker.TestWorker.execute(TestWorker.java:103)
	at org.gradle.api.internal.tasks.testing.worker.TestWorker.execute(TestWorker.java:63)
	at org.gradle.process.internal.worker.child.ActionExecutionWorker.execute(ActionExecutionWorker.java:56)
	at org.gradle.process.internal.worker.child.SystemApplicationClassLoaderWorker.call(SystemApplicationClassLoaderWorker.java:122)
	at org.gradle.process.internal.worker.child.SystemApplicationClassLoaderWorker.call(SystemApplicationClassLoaderWorker.java:72)
	at worker.org.gradle.process.internal.worker.GradleWorkerMain.run(GradleWorkerMain.java:69)
	at worker.org.gradle.process.internal.worker.GradleWorkerMain.main(GradleWorkerMain.java:74)
</failure>
  </testcase>
  <testcase name="testGetBookingById_ExistingBooking_ShouldReturn200" classname="com.carbooking.taskApp.api.tests.BookingApiTest" time="0.171">
    <failure message="java.lang.AssertionError: Error during login attempt! expected [200] but found [401]" type="java.lang.AssertionError">java.lang.AssertionError: Error during login attempt! expected [200] but found [401]
	at org.testng.Assert.fail(Assert.java:111)
	at org.testng.Assert.failNotEquals(Assert.java:1578)
	at org.testng.Assert.assertEqualsImpl(Assert.java:150)
	at org.testng.Assert.assertEquals(Assert.java:132)
	at org.testng.Assert.assertEquals(Assert.java:1419)
	at org.testng.Assert.assertEquals(Assert.java:1383)
	at com.carbooking.taskApp.api.config.BaseApiTest.login(BaseApiTest.java:69)
	at com.carbooking.taskApp.api.tests.BookingApiTest.testGetBookingById_ExistingBooking_ShouldReturn200(BookingApiTest.java:147)
	at java.base/jdk.internal.reflect.DirectMethodHandleAccessor.invoke(DirectMethodHandleAccessor.java:103)
	at java.base/java.lang.reflect.Method.invoke(Method.java:580)
	at org.testng.internal.invokers.MethodInvocationHelper.invokeMethod(MethodInvocationHelper.java:141)
	at org.testng.internal.invokers.TestInvoker.invokeMethod(TestInvoker.java:686)
	at org.testng.internal.invokers.TestInvoker.invokeTestMethod(TestInvoker.java:230)
	at org.testng.internal.invokers.MethodRunner.runInSequence(MethodRunner.java:63)
	at org.testng.internal.invokers.TestInvoker$MethodInvocationAgent.invoke(TestInvoker.java:992)
	at org.testng.internal.invokers.TestInvoker.invokeTestMethods(TestInvoker.java:203)
	at org.testng.internal.invokers.TestMethodWorker.invokeTestMethods(TestMethodWorker.java:154)
	at org.testng.internal.invokers.TestMethodWorker.run(TestMethodWorker.java:134)
	at java.base/java.util.ArrayList.forEach(ArrayList.java:1596)
	at org.testng.TestRunner.privateRun(TestRunner.java:739)
	at org.testng.TestRunner.run(TestRunner.java:614)
	at org.testng.SuiteRunner.runTest(SuiteRunner.java:421)
	at org.testng.SuiteRunner.runSequentially(SuiteRunner.java:413)
	at org.testng.SuiteRunner.privateRun(SuiteRunner.java:373)
	at org.testng.SuiteRunner.run(SuiteRunner.java:312)
	at org.testng.SuiteRunnerWorker.runSuite(SuiteRunnerWorker.java:52)
	at org.testng.SuiteRunnerWorker.run(SuiteRunnerWorker.java:95)
	at org.testng.TestNG.runSuitesSequentially(TestNG.java:1274)
	at org.testng.TestNG.runSuitesLocally(TestNG.java:1208)
	at org.testng.TestNG.runSuites(TestNG.java:1112)
	at org.testng.TestNG.run(TestNG.java:1079)
	at org.gradle.api.internal.tasks.testing.testng.TestNGTestRunner.runTests(TestNGTestRunner.java:131)
	at org.gradle.api.internal.tasks.testing.testng.TestNGTestDefinitionProcessor.stop(TestNGTestDefinitionProcessor.java:110)
	at org.gradle.api.internal.tasks.testing.SuiteTestDefinitionProcessor.stop(SuiteTestDefinitionProcessor.java:64)
	at java.base/jdk.internal.reflect.DirectMethodHandleAccessor.invoke(DirectMethodHandleAccessor.java:103)
	at java.base/java.lang.reflect.Method.invoke(Method.java:580)
	at org.gradle.internal.dispatch.MethodInvocation.invokeOn(MethodInvocation.java:77)
	at org.gradle.internal.dispatch.ReflectionDispatch.dispatch(ReflectionDispatch.java:28)
	at org.gradle.internal.dispatch.ReflectionDispatch.dispatch(ReflectionDispatch.java:19)
	at org.gradle.internal.dispatch.ContextClassLoaderDispatch.dispatch(ContextClassLoaderDispatch.java:33)
	at org.gradle.internal.dispatch.ProxyDispatchAdapter$DispatchingInvocationHandler.invoke(ProxyDispatchAdapter.java:88)
	at jdk.proxy1/jdk.proxy1.$Proxy4.stop(Unknown Source)
	at org.gradle.api.internal.tasks.testing.worker.TestWorker$3.run(TestWorker.java:195)
	at org.gradle.api.internal.tasks.testing.worker.TestWorker.executeAndMaintainThreadName(TestWorker.java:126)
	at org.gradle.api.internal.tasks.testing.worker.TestWorker.execute(TestWorker.java:103)
	at org.gradle.api.internal.tasks.testing.worker.TestWorker.execute(TestWorker.java:63)
	at org.gradle.process.internal.worker.child.ActionExecutionWorker.execute(ActionExecutionWorker.java:56)
	at org.gradle.process.internal.worker.child.SystemApplicationClassLoaderWorker.call(SystemApplicationClassLoaderWorker.java:122)
	at org.gradle.process.internal.worker.child.SystemApplicationClassLoaderWorker.call(SystemApplicationClassLoaderWorker.java:72)
	at worker.org.gradle.process.internal.worker.GradleWorkerMain.run(GradleWorkerMain.java:69)
	at worker.org.gradle.process.internal.worker.GradleWorkerMain.main(GradleWorkerMain.java:74)
</failure>
  </testcase>
  <testcase name="testGetBookingById_InvalidIdFormat_ShouldReturn400" classname="com.carbooking.taskApp.api.tests.BookingApiTest" time="0.18">
    <failure message="java.lang.AssertionError: Error during login attempt! expected [200] but found [401]" type="java.lang.AssertionError">java.lang.AssertionError: Error during login attempt! expected [200] but found [401]
	at org.testng.Assert.fail(Assert.java:111)
	at org.testng.Assert.failNotEquals(Assert.java:1578)
	at org.testng.Assert.assertEqualsImpl(Assert.java:150)
	at org.testng.Assert.assertEquals(Assert.java:132)
	at org.testng.Assert.assertEquals(Assert.java:1419)
	at org.testng.Assert.assertEquals(Assert.java:1383)
	at com.carbooking.taskApp.api.config.BaseApiTest.login(BaseApiTest.java:69)
	at com.carbooking.taskApp.api.tests.BookingApiTest.testGetBookingById_InvalidIdFormat_ShouldReturn400(BookingApiTest.java:207)
	at java.base/jdk.internal.reflect.DirectMethodHandleAccessor.invoke(DirectMethodHandleAccessor.java:103)
	at java.base/java.lang.reflect.Method.invoke(Method.java:580)
	at org.testng.internal.invokers.MethodInvocationHelper.invokeMethod(MethodInvocationHelper.java:141)
	at org.testng.internal.invokers.TestInvoker.invokeMethod(TestInvoker.java:686)
	at org.testng.internal.invokers.TestInvoker.invokeTestMethod(TestInvoker.java:230)
	at org.testng.internal.invokers.MethodRunner.runInSequence(MethodRunner.java:63)
	at org.testng.internal.invokers.TestInvoker$MethodInvocationAgent.invoke(TestInvoker.java:992)
	at org.testng.internal.invokers.TestInvoker.invokeTestMethods(TestInvoker.java:203)
	at org.testng.internal.invokers.TestMethodWorker.invokeTestMethods(TestMethodWorker.java:154)
	at org.testng.internal.invokers.TestMethodWorker.run(TestMethodWorker.java:134)
	at java.base/java.util.ArrayList.forEach(ArrayList.java:1596)
	at org.testng.TestRunner.privateRun(TestRunner.java:739)
	at org.testng.TestRunner.run(TestRunner.java:614)
	at org.testng.SuiteRunner.runTest(SuiteRunner.java:421)
	at org.testng.SuiteRunner.runSequentially(SuiteRunner.java:413)
	at org.testng.SuiteRunner.privateRun(SuiteRunner.java:373)
	at org.testng.SuiteRunner.run(SuiteRunner.java:312)
	at org.testng.SuiteRunnerWorker.runSuite(SuiteRunnerWorker.java:52)
	at org.testng.SuiteRunnerWorker.run(SuiteRunnerWorker.java:95)
	at org.testng.TestNG.runSuitesSequentially(TestNG.java:1274)
	at org.testng.TestNG.runSuitesLocally(TestNG.java:1208)
	at org.testng.TestNG.runSuites(TestNG.java:1112)
	at org.testng.TestNG.run(TestNG.java:1079)
	at org.gradle.api.internal.tasks.testing.testng.TestNGTestRunner.runTests(TestNGTestRunner.java:131)
	at org.gradle.api.internal.tasks.testing.testng.TestNGTestDefinitionProcessor.stop(TestNGTestDefinitionProcessor.java:110)
	at org.gradle.api.internal.tasks.testing.SuiteTestDefinitionProcessor.stop(SuiteTestDefinitionProcessor.java:64)
	at java.base/jdk.internal.reflect.DirectMethodHandleAccessor.invoke(DirectMethodHandleAccessor.java:103)
	at java.base/java.lang.reflect.Method.invoke(Method.java:580)
	at org.gradle.internal.dispatch.MethodInvocation.invokeOn(MethodInvocation.java:77)
	at org.gradle.internal.dispatch.ReflectionDispatch.dispatch(ReflectionDispatch.java:28)
	at org.gradle.internal.dispatch.ReflectionDispatch.dispatch(ReflectionDispatch.java:19)
	at org.gradle.internal.dispatch.ContextClassLoaderDispatch.dispatch(ContextClassLoaderDispatch.java:33)
	at org.gradle.internal.dispatch.ProxyDispatchAdapter$DispatchingInvocationHandler.invoke(ProxyDispatchAdapter.java:88)
	at jdk.proxy1/jdk.proxy1.$Proxy4.stop(Unknown Source)
	at org.gradle.api.internal.tasks.testing.worker.TestWorker$3.run(TestWorker.java:195)
	at org.gradle.api.internal.tasks.testing.worker.TestWorker.executeAndMaintainThreadName(TestWorker.java:126)
	at org.gradle.api.internal.tasks.testing.worker.TestWorker.execute(TestWorker.java:103)
	at org.gradle.api.internal.tasks.testing.worker.TestWorker.execute(TestWorker.java:63)
	at org.gradle.process.internal.worker.child.ActionExecutionWorker.execute(ActionExecutionWorker.java:56)
	at org.gradle.process.internal.worker.child.SystemApplicationClassLoaderWorker.call(SystemApplicationClassLoaderWorker.java:122)
	at org.gradle.process.internal.worker.child.SystemApplicationClassLoaderWorker.call(SystemApplicationClassLoaderWorker.java:72)
	at worker.org.gradle.process.internal.worker.GradleWorkerMain.run(GradleWorkerMain.java:69)
	at worker.org.gradle.process.internal.worker.GradleWorkerMain.main(GradleWorkerMain.java:74)
</failure>
  </testcase>
  <testcase name="testGetBookingById_NonExistingId_ShouldReturn404" classname="com.carbooking.taskApp.api.tests.BookingApiTest" time="0.198">
    <failure message="java.lang.AssertionError: Error during login attempt! expected [200] but found [401]" type="java.lang.AssertionError">java.lang.AssertionError: Error during login attempt! expected [200] but found [401]
	at org.testng.Assert.fail(Assert.java:111)
	at org.testng.Assert.failNotEquals(Assert.java:1578)
	at org.testng.Assert.assertEqualsImpl(Assert.java:150)
	at org.testng.Assert.assertEquals(Assert.java:132)
	at org.testng.Assert.assertEquals(Assert.java:1419)
	at org.testng.Assert.assertEquals(Assert.java:1383)
	at com.carbooking.taskApp.api.config.BaseApiTest.login(BaseApiTest.java:69)
	at com.carbooking.taskApp.api.tests.BookingApiTest.testGetBookingById_NonExistingId_ShouldReturn404(BookingApiTest.java:188)
	at java.base/jdk.internal.reflect.DirectMethodHandleAccessor.invoke(DirectMethodHandleAccessor.java:103)
	at java.base/java.lang.reflect.Method.invoke(Method.java:580)
	at org.testng.internal.invokers.MethodInvocationHelper.invokeMethod(MethodInvocationHelper.java:141)
	at org.testng.internal.invokers.TestInvoker.invokeMethod(TestInvoker.java:686)
	at org.testng.internal.invokers.TestInvoker.invokeTestMethod(TestInvoker.java:230)
	at org.testng.internal.invokers.MethodRunner.runInSequence(MethodRunner.java:63)
	at org.testng.internal.invokers.TestInvoker$MethodInvocationAgent.invoke(TestInvoker.java:992)
	at org.testng.internal.invokers.TestInvoker.invokeTestMethods(TestInvoker.java:203)
	at org.testng.internal.invokers.TestMethodWorker.invokeTestMethods(TestMethodWorker.java:154)
	at org.testng.internal.invokers.TestMethodWorker.run(TestMethodWorker.java:134)
	at java.base/java.util.ArrayList.forEach(ArrayList.java:1596)
	at org.testng.TestRunner.privateRun(TestRunner.java:739)
	at org.testng.TestRunner.run(TestRunner.java:614)
	at org.testng.SuiteRunner.runTest(SuiteRunner.java:421)
	at org.testng.SuiteRunner.runSequentially(SuiteRunner.java:413)
	at org.testng.SuiteRunner.privateRun(SuiteRunner.java:373)
	at org.testng.SuiteRunner.run(SuiteRunner.java:312)
	at org.testng.SuiteRunnerWorker.runSuite(SuiteRunnerWorker.java:52)
	at org.testng.SuiteRunnerWorker.run(SuiteRunnerWorker.java:95)
	at org.testng.TestNG.runSuitesSequentially(TestNG.java:1274)
	at org.testng.TestNG.runSuitesLocally(TestNG.java:1208)
	at org.testng.TestNG.runSuites(TestNG.java:1112)
	at org.testng.TestNG.run(TestNG.java:1079)
	at org.gradle.api.internal.tasks.testing.testng.TestNGTestRunner.runTests(TestNGTestRunner.java:131)
	at org.gradle.api.internal.tasks.testing.testng.TestNGTestDefinitionProcessor.stop(TestNGTestDefinitionProcessor.java:110)
	at org.gradle.api.internal.tasks.testing.SuiteTestDefinitionProcessor.stop(SuiteTestDefinitionProcessor.java:64)
	at java.base/jdk.internal.reflect.DirectMethodHandleAccessor.invoke(DirectMethodHandleAccessor.java:103)
	at java.base/java.lang.reflect.Method.invoke(Method.java:580)
	at org.gradle.internal.dispatch.MethodInvocation.invokeOn(MethodInvocation.java:77)
	at org.gradle.internal.dispatch.ReflectionDispatch.dispatch(ReflectionDispatch.java:28)
	at org.gradle.internal.dispatch.ReflectionDispatch.dispatch(ReflectionDispatch.java:19)
	at org.gradle.internal.dispatch.ContextClassLoaderDispatch.dispatch(ContextClassLoaderDispatch.java:33)
	at org.gradle.internal.dispatch.ProxyDispatchAdapter$DispatchingInvocationHandler.invoke(ProxyDispatchAdapter.java:88)
	at jdk.proxy1/jdk.proxy1.$Proxy4.stop(Unknown Source)
	at org.gradle.api.internal.tasks.testing.worker.TestWorker$3.run(TestWorker.java:195)
	at org.gradle.api.internal.tasks.testing.worker.TestWorker.executeAndMaintainThreadName(TestWorker.java:126)
	at org.gradle.api.internal.tasks.testing.worker.TestWorker.execute(TestWorker.java:103)
	at org.gradle.api.internal.tasks.testing.worker.TestWorker.execute(TestWorker.java:63)
	at org.gradle.process.internal.worker.child.ActionExecutionWorker.execute(ActionExecutionWorker.java:56)
	at org.gradle.process.internal.worker.child.SystemApplicationClassLoaderWorker.call(SystemApplicationClassLoaderWorker.java:122)
	at org.gradle.process.internal.worker.child.SystemApplicationClassLoaderWorker.call(SystemApplicationClassLoaderWorker.java:72)
	at worker.org.gradle.process.internal.worker.GradleWorkerMain.run(GradleWorkerMain.java:69)
	at worker.org.gradle.process.internal.worker.GradleWorkerMain.main(GradleWorkerMain.java:74)
</failure>
  </testcase>
  <testcase name="testGetBookings_ByUserId_ShouldReturnFilteredList" classname="com.carbooking.taskApp.api.tests.BookingApiTest" time="0.196">
    <failure message="java.lang.AssertionError: Error during login attempt! expected [200] but found [401]" type="java.lang.AssertionError">java.lang.AssertionError: Error during login attempt! expected [200] but found [401]
	at org.testng.Assert.fail(Assert.java:111)
	at org.testng.Assert.failNotEquals(Assert.java:1578)
	at org.testng.Assert.assertEqualsImpl(Assert.java:150)
	at org.testng.Assert.assertEquals(Assert.java:132)
	at org.testng.Assert.assertEquals(Assert.java:1419)
	at org.testng.Assert.assertEquals(Assert.java:1383)
	at com.carbooking.taskApp.api.config.BaseApiTest.login(BaseApiTest.java:69)
	at com.carbooking.taskApp.api.tests.BookingApiTest.testGetBookings_ByUserId_ShouldReturnFilteredList(BookingApiTest.java:388)
	at java.base/jdk.internal.reflect.DirectMethodHandleAccessor.invoke(DirectMethodHandleAccessor.java:103)
	at java.base/java.lang.reflect.Method.invoke(Method.java:580)
	at org.testng.internal.invokers.MethodInvocationHelper.invokeMethod(MethodInvocationHelper.java:141)
	at org.testng.internal.invokers.TestInvoker.invokeMethod(TestInvoker.java:686)
	at org.testng.internal.invokers.TestInvoker.invokeTestMethod(TestInvoker.java:230)
	at org.testng.internal.invokers.MethodRunner.runInSequence(MethodRunner.java:63)
	at org.testng.internal.invokers.TestInvoker$MethodInvocationAgent.invoke(TestInvoker.java:992)
	at org.testng.internal.invokers.TestInvoker.invokeTestMethods(TestInvoker.java:203)
	at org.testng.internal.invokers.TestMethodWorker.invokeTestMethods(TestMethodWorker.java:154)
	at org.testng.internal.invokers.TestMethodWorker.run(TestMethodWorker.java:134)
	at java.base/java.util.ArrayList.forEach(ArrayList.java:1596)
	at org.testng.TestRunner.privateRun(TestRunner.java:739)
	at org.testng.TestRunner.run(TestRunner.java:614)
	at org.testng.SuiteRunner.runTest(SuiteRunner.java:421)
	at org.testng.SuiteRunner.runSequentially(SuiteRunner.java:413)
	at org.testng.SuiteRunner.privateRun(SuiteRunner.java:373)
	at org.testng.SuiteRunner.run(SuiteRunner.java:312)
	at org.testng.SuiteRunnerWorker.runSuite(SuiteRunnerWorker.java:52)
	at org.testng.SuiteRunnerWorker.run(SuiteRunnerWorker.java:95)
	at org.testng.TestNG.runSuitesSequentially(TestNG.java:1274)
	at org.testng.TestNG.runSuitesLocally(TestNG.java:1208)
	at org.testng.TestNG.runSuites(TestNG.java:1112)
	at org.testng.TestNG.run(TestNG.java:1079)
	at org.gradle.api.internal.tasks.testing.testng.TestNGTestRunner.runTests(TestNGTestRunner.java:131)
	at org.gradle.api.internal.tasks.testing.testng.TestNGTestDefinitionProcessor.stop(TestNGTestDefinitionProcessor.java:110)
	at org.gradle.api.internal.tasks.testing.SuiteTestDefinitionProcessor.stop(SuiteTestDefinitionProcessor.java:64)
	at java.base/jdk.internal.reflect.DirectMethodHandleAccessor.invoke(DirectMethodHandleAccessor.java:103)
	at java.base/java.lang.reflect.Method.invoke(Method.java:580)
	at org.gradle.internal.dispatch.MethodInvocation.invokeOn(MethodInvocation.java:77)
	at org.gradle.internal.dispatch.ReflectionDispatch.dispatch(ReflectionDispatch.java:28)
	at org.gradle.internal.dispatch.ReflectionDispatch.dispatch(ReflectionDispatch.java:19)
	at org.gradle.internal.dispatch.ContextClassLoaderDispatch.dispatch(ContextClassLoaderDispatch.java:33)
	at org.gradle.internal.dispatch.ProxyDispatchAdapter$DispatchingInvocationHandler.invoke(ProxyDispatchAdapter.java:88)
	at jdk.proxy1/jdk.proxy1.$Proxy4.stop(Unknown Source)
	at org.gradle.api.internal.tasks.testing.worker.TestWorker$3.run(TestWorker.java:195)
	at org.gradle.api.internal.tasks.testing.worker.TestWorker.executeAndMaintainThreadName(TestWorker.java:126)
	at org.gradle.api.internal.tasks.testing.worker.TestWorker.execute(TestWorker.java:103)
	at org.gradle.api.internal.tasks.testing.worker.TestWorker.execute(TestWorker.java:63)
	at org.gradle.process.internal.worker.child.ActionExecutionWorker.execute(ActionExecutionWorker.java:56)
	at org.gradle.process.internal.worker.child.SystemApplicationClassLoaderWorker.call(SystemApplicationClassLoaderWorker.java:122)
	at org.gradle.process.internal.worker.child.SystemApplicationClassLoaderWorker.call(SystemApplicationClassLoaderWorker.java:72)
	at worker.org.gradle.process.internal.worker.GradleWorkerMain.run(GradleWorkerMain.java:69)
	at worker.org.gradle.process.internal.worker.GradleWorkerMain.main(GradleWorkerMain.java:74)
</failure>
  </testcase>
  <testcase name="testUpdateBooking_ChangeDates_ShouldReturn200" classname="com.carbooking.taskApp.api.tests.BookingApiTest" time="0.351">
    <failure message="java.lang.AssertionError: Error during login attempt! expected [200] but found [401]" type="java.lang.AssertionError">java.lang.AssertionError: Error during login attempt! expected [200] but found [401]
	at org.testng.Assert.fail(Assert.java:111)
	at org.testng.Assert.failNotEquals(Assert.java:1578)
	at org.testng.Assert.assertEqualsImpl(Assert.java:150)
	at org.testng.Assert.assertEquals(Assert.java:132)
	at org.testng.Assert.assertEquals(Assert.java:1419)
	at org.testng.Assert.assertEquals(Assert.java:1383)
	at com.carbooking.taskApp.api.config.BaseApiTest.login(BaseApiTest.java:69)
	at com.carbooking.taskApp.api.tests.BookingApiTest.testUpdateBooking_ChangeDates_ShouldReturn200(BookingApiTest.java:225)
	at java.base/jdk.internal.reflect.DirectMethodHandleAccessor.invoke(DirectMethodHandleAccessor.java:103)
	at java.base/java.lang.reflect.Method.invoke(Method.java:580)
	at org.testng.internal.invokers.MethodInvocationHelper.invokeMethod(MethodInvocationHelper.java:141)
	at org.testng.internal.invokers.TestInvoker.invokeMethod(TestInvoker.java:686)
	at org.testng.internal.invokers.TestInvoker.invokeTestMethod(TestInvoker.java:230)
	at org.testng.internal.invokers.MethodRunner.runInSequence(MethodRunner.java:63)
	at org.testng.internal.invokers.TestInvoker$MethodInvocationAgent.invoke(TestInvoker.java:992)
	at org.testng.internal.invokers.TestInvoker.invokeTestMethods(TestInvoker.java:203)
	at org.testng.internal.invokers.TestMethodWorker.invokeTestMethods(TestMethodWorker.java:154)
	at org.testng.internal.invokers.TestMethodWorker.run(TestMethodWorker.java:134)
	at java.base/java.util.ArrayList.forEach(ArrayList.java:1596)
	at org.testng.TestRunner.privateRun(TestRunner.java:739)
	at org.testng.TestRunner.run(TestRunner.java:614)
	at org.testng.SuiteRunner.runTest(SuiteRunner.java:421)
	at org.testng.SuiteRunner.runSequentially(SuiteRunner.java:413)
	at org.testng.SuiteRunner.privateRun(SuiteRunner.java:373)
	at org.testng.SuiteRunner.run(SuiteRunner.java:312)
	at org.testng.SuiteRunnerWorker.runSuite(SuiteRunnerWorker.java:52)
	at org.testng.SuiteRunnerWorker.run(SuiteRunnerWorker.java:95)
	at org.testng.TestNG.runSuitesSequentially(TestNG.java:1274)
	at org.testng.TestNG.runSuitesLocally(TestNG.java:1208)
	at org.testng.TestNG.runSuites(TestNG.java:1112)
	at org.testng.TestNG.run(TestNG.java:1079)
	at org.gradle.api.internal.tasks.testing.testng.TestNGTestRunner.runTests(TestNGTestRunner.java:131)
	at org.gradle.api.internal.tasks.testing.testng.TestNGTestDefinitionProcessor.stop(TestNGTestDefinitionProcessor.java:110)
	at org.gradle.api.internal.tasks.testing.SuiteTestDefinitionProcessor.stop(SuiteTestDefinitionProcessor.java:64)
	at java.base/jdk.internal.reflect.DirectMethodHandleAccessor.invoke(DirectMethodHandleAccessor.java:103)
	at java.base/java.lang.reflect.Method.invoke(Method.java:580)
	at org.gradle.internal.dispatch.MethodInvocation.invokeOn(MethodInvocation.java:77)
	at org.gradle.internal.dispatch.ReflectionDispatch.dispatch(ReflectionDispatch.java:28)
	at org.gradle.internal.dispatch.ReflectionDispatch.dispatch(ReflectionDispatch.java:19)
	at org.gradle.internal.dispatch.ContextClassLoaderDispatch.dispatch(ContextClassLoaderDispatch.java:33)
	at org.gradle.internal.dispatch.ProxyDispatchAdapter$DispatchingInvocationHandler.invoke(ProxyDispatchAdapter.java:88)
	at jdk.proxy1/jdk.proxy1.$Proxy4.stop(Unknown Source)
	at org.gradle.api.internal.tasks.testing.worker.TestWorker$3.run(TestWorker.java:195)
	at org.gradle.api.internal.tasks.testing.worker.TestWorker.executeAndMaintainThreadName(TestWorker.java:126)
	at org.gradle.api.internal.tasks.testing.worker.TestWorker.execute(TestWorker.java:103)
	at org.gradle.api.internal.tasks.testing.worker.TestWorker.execute(TestWorker.java:63)
	at org.gradle.process.internal.worker.child.ActionExecutionWorker.execute(ActionExecutionWorker.java:56)
	at org.gradle.process.internal.worker.child.SystemApplicationClassLoaderWorker.call(SystemApplicationClassLoaderWorker.java:122)
	at org.gradle.process.internal.worker.child.SystemApplicationClassLoaderWorker.call(SystemApplicationClassLoaderWorker.java:72)
	at worker.org.gradle.process.internal.worker.GradleWorkerMain.run(GradleWorkerMain.java:69)
	at worker.org.gradle.process.internal.worker.GradleWorkerMain.main(GradleWorkerMain.java:74)
</failure>
  </testcase>
  <testcase name="testUpdateBooking_NonExistingId_ShouldReturn404" classname="com.carbooking.taskApp.api.tests.BookingApiTest" time="0.191">
    <failure message="java.lang.AssertionError: Error during login attempt! expected [200] but found [401]" type="java.lang.AssertionError">java.lang.AssertionError: Error during login attempt! expected [200] but found [401]
	at org.testng.Assert.fail(Assert.java:111)
	at org.testng.Assert.failNotEquals(Assert.java:1578)
	at org.testng.Assert.assertEqualsImpl(Assert.java:150)
	at org.testng.Assert.assertEquals(Assert.java:132)
	at org.testng.Assert.assertEquals(Assert.java:1419)
	at org.testng.Assert.assertEquals(Assert.java:1383)
	at com.carbooking.taskApp.api.config.BaseApiTest.login(BaseApiTest.java:69)
	at com.carbooking.taskApp.api.tests.BookingApiTest.testUpdateBooking_NonExistingId_ShouldReturn404(BookingApiTest.java:273)
	at java.base/jdk.internal.reflect.DirectMethodHandleAccessor.invoke(DirectMethodHandleAccessor.java:103)
	at java.base/java.lang.reflect.Method.invoke(Method.java:580)
	at org.testng.internal.invokers.MethodInvocationHelper.invokeMethod(MethodInvocationHelper.java:141)
	at org.testng.internal.invokers.TestInvoker.invokeMethod(TestInvoker.java:686)
	at org.testng.internal.invokers.TestInvoker.invokeTestMethod(TestInvoker.java:230)
	at org.testng.internal.invokers.MethodRunner.runInSequence(MethodRunner.java:63)
	at org.testng.internal.invokers.TestInvoker$MethodInvocationAgent.invoke(TestInvoker.java:992)
	at org.testng.internal.invokers.TestInvoker.invokeTestMethods(TestInvoker.java:203)
	at org.testng.internal.invokers.TestMethodWorker.invokeTestMethods(TestMethodWorker.java:154)
	at org.testng.internal.invokers.TestMethodWorker.run(TestMethodWorker.java:134)
	at java.base/java.util.ArrayList.forEach(ArrayList.java:1596)
	at org.testng.TestRunner.privateRun(TestRunner.java:739)
	at org.testng.TestRunner.run(TestRunner.java:614)
	at org.testng.SuiteRunner.runTest(SuiteRunner.java:421)
	at org.testng.SuiteRunner.runSequentially(SuiteRunner.java:413)
	at org.testng.SuiteRunner.privateRun(SuiteRunner.java:373)
	at org.testng.SuiteRunner.run(SuiteRunner.java:312)
	at org.testng.SuiteRunnerWorker.runSuite(SuiteRunnerWorker.java:52)
	at org.testng.SuiteRunnerWorker.run(SuiteRunnerWorker.java:95)
	at org.testng.TestNG.runSuitesSequentially(TestNG.java:1274)
	at org.testng.TestNG.runSuitesLocally(TestNG.java:1208)
	at org.testng.TestNG.runSuites(TestNG.java:1112)
	at org.testng.TestNG.run(TestNG.java:1079)
	at org.gradle.api.internal.tasks.testing.testng.TestNGTestRunner.runTests(TestNGTestRunner.java:131)
	at org.gradle.api.internal.tasks.testing.testng.TestNGTestDefinitionProcessor.stop(TestNGTestDefinitionProcessor.java:110)
	at org.gradle.api.internal.tasks.testing.SuiteTestDefinitionProcessor.stop(SuiteTestDefinitionProcessor.java:64)
	at java.base/jdk.internal.reflect.DirectMethodHandleAccessor.invoke(DirectMethodHandleAccessor.java:103)
	at java.base/java.lang.reflect.Method.invoke(Method.java:580)
	at org.gradle.internal.dispatch.MethodInvocation.invokeOn(MethodInvocation.java:77)
	at org.gradle.internal.dispatch.ReflectionDispatch.dispatch(ReflectionDispatch.java:28)
	at org.gradle.internal.dispatch.ReflectionDispatch.dispatch(ReflectionDispatch.java:19)
	at org.gradle.internal.dispatch.ContextClassLoaderDispatch.dispatch(ContextClassLoaderDispatch.java:33)
	at org.gradle.internal.dispatch.ProxyDispatchAdapter$DispatchingInvocationHandler.invoke(ProxyDispatchAdapter.java:88)
	at jdk.proxy1/jdk.proxy1.$Proxy4.stop(Unknown Source)
	at org.gradle.api.internal.tasks.testing.worker.TestWorker$3.run(TestWorker.java:195)
	at org.gradle.api.internal.tasks.testing.worker.TestWorker.executeAndMaintainThreadName(TestWorker.java:126)
	at org.gradle.api.internal.tasks.testing.worker.TestWorker.execute(TestWorker.java:103)
	at org.gradle.api.internal.tasks.testing.worker.TestWorker.execute(TestWorker.java:63)
	at org.gradle.process.internal.worker.child.ActionExecutionWorker.execute(ActionExecutionWorker.java:56)
	at org.gradle.process.internal.worker.child.SystemApplicationClassLoaderWorker.call(SystemApplicationClassLoaderWorker.java:122)
	at org.gradle.process.internal.worker.child.SystemApplicationClassLoaderWorker.call(SystemApplicationClassLoaderWorker.java:72)
	at worker.org.gradle.process.internal.worker.GradleWorkerMain.run(GradleWorkerMain.java:69)
	at worker.org.gradle.process.internal.worker.GradleWorkerMain.main(GradleWorkerMain.java:74)
</failure>
  </testcase>
  <system-out><![CDATA[18:00:31.134 ?[34mINFO ?[0;39m [Test worker] ?[36mc.c.taskApp.api.config.BaseApiTest?[0;39m - ✅ BaseApiTest initialised
18:00:31.136 ?[34mINFO ?[0;39m [Test worker] ?[36mc.c.taskApp.api.config.BaseApiTest?[0;39m -  BaseURI: https://dev.pshacks.org/api/v3
18:00:31.136 ?[34mINFO ?[0;39m [Test worker] ?[36mcom.carbooking.utils.TestNGListener?[0;39m - 
======================================================================
18:00:31.136 ?[34mINFO ?[0;39m [Test worker] ?[36mcom.carbooking.utils.TestNGListener?[0;39m - ****  TEST STARTED: testCreateBooking_InvalidDateRange_ShouldReturn400
18:00:31.136 ?[34mINFO ?[0;39m [Test worker] ?[36mcom.carbooking.utils.TestNGListener?[0;39m - ======================================================================
18:00:31.139 ?[34mINFO ?[0;39m [Test worker] ?[36mc.carbooking.taskApp.utils.LogUtil?[0;39m - 
]]>&#x1f4cc;<![CDATA[ ШАГ: Negative: end date is earlier than start date
18:00:31.139 ?[34mINFO ?[0;39m [Test worker] ?[36mc.carbooking.taskApp.utils.LogUtil?[0;39m - 
]]>&#x1f4cc;<![CDATA[ ШАГ: Logging in
Request method:	POST
Request URI:	https://dev.pshacks.org/api/v3/auth/login
Proxy:			<none>
Request params:	<none>
Query params:	<none>
Form params:	<none>
Path params:	<none>
Headers:		Accept=application/json, application/javascript, text/javascript, text/json
				Content-Type=application/json
Cookies:		<none>
Multiparts:		<none>
Body:
{
    "email": "test807@test.me",
    "password": "password123"
}
Request method:	POST
Request URI:	https://dev.pshacks.org/api/v3/auth/login
Proxy:			<none>
Request params:	<none>
Query params:	<none>
Form params:	<none>
Path params:	<none>
Headers:		Accept=application/json, application/javascript, text/javascript, text/json
				Content-Type=application/json
Cookies:		<none>
Multiparts:		<none>
Body:
{
    "email": "test807@test.me",
    "password": "password123"
}
HTTP/1.1 401 Unauthorized
Date: Wed, 25 Mar 2026 17:00:33 GMT
Content-Type: application/json; charset=utf-8
Content-Length: 37
Connection: keep-alive
access-control-allow-origin: *
etag: W/"25-3YG4LRpklFolV4uVOnUIRm2hZA0"
x-powered-by: Express
cf-cache-status: DYNAMIC
Nel: {"report_to":"cf-nel","success_fraction":0.0,"max_age":604800}
Report-To: {"group":"cf-nel","max_age":604800,"endpoints":[{"url":"https://a.nel.cloudflare.com/report/v4?s=vrBl6ww%2B7%2Bt2cZW2j13uOkjL4FCL3QX65zvGTjy7qt5D2ijAXmUel347fjeo8RVm0yTArEMN8ikav%2BNLc9mTwa%2B0Ffb5yiqZ%2FNXnB%2Bl2YA%3D%3D"}]}
Server: cloudflare
CF-RAY: 9e1f78f32921d2de-FRA
alt-svc: h3=":443"; ma=86400

{
    "error": "Invalid email or password"
}
18:00:32.887 ?[34mINFO ?[0;39m [Test worker] ?[36mc.carbooking.taskApp.utils.LogUtil?[0;39m - ]]>&#x1f4e5;<![CDATA[ API ответ: статус 401
18:00:32.887 ?[1;31mERROR?[0;39m [Test worker] ?[36mcom.carbooking.utils.TestNGListener?[0;39m - ❌ TEST FAILED: testCreateBooking_InvalidDateRange_ShouldReturn400
18:00:32.887 ?[1;31mERROR?[0;39m [Test worker] ?[36mcom.carbooking.utils.TestNGListener?[0;39m - Reason: Error during login attempt! expected [200] but found [401]
18:00:32.887 ?[1;31mERROR?[0;39m [Test worker] ?[36mcom.carbooking.utils.TestNGListener?[0;39m - ----------------------------------------------------------------------
18:00:32.887 ?[34mINFO ?[0;39m [Test worker] ?[36mcom.carbooking.utils.TestNGListener?[0;39m - 
======================================================================
18:00:32.887 ?[34mINFO ?[0;39m [Test worker] ?[36mcom.carbooking.utils.TestNGListener?[0;39m - ****  TEST STARTED: testCreateBooking_PastDates_ShouldReturn400
18:00:32.895 ?[34mINFO ?[0;39m [Test worker] ?[36mcom.carbooking.utils.TestNGListener?[0;39m - ======================================================================
18:00:32.899 ?[34mINFO ?[0;39m [Test worker] ?[36mc.carbooking.taskApp.utils.LogUtil?[0;39m - 
]]>&#x1f4cc;<![CDATA[ ШАГ: Logging in
Request method:	POST
Request URI:	https://dev.pshacks.org/api/v3/auth/login
Proxy:			<none>
Request params:	<none>
Query params:	<none>
Form params:	<none>
Path params:	<none>
Headers:		Accept=application/json, application/javascript, text/javascript, text/json
				Content-Type=application/json
Cookies:		<none>
Multiparts:		<none>
Body:
{
    "email": "test807@test.me",
    "password": "password123"
}
Request method:	POST
Request URI:	https://dev.pshacks.org/api/v3/auth/login
Proxy:			<none>
Request params:	<none>
Query params:	<none>
Form params:	<none>
Path params:	<none>
Headers:		Accept=application/json, application/javascript, text/javascript, text/json
				Content-Type=application/json
Cookies:		<none>
Multiparts:		<none>
Body:
{
    "email": "test807@test.me",
    "password": "password123"
}
HTTP/1.1 401 Unauthorized
Date: Wed, 25 Mar 2026 17:00:33 GMT
Content-Type: application/json; charset=utf-8
Content-Length: 37
Connection: keep-alive
access-control-allow-origin: *
etag: W/"25-3YG4LRpklFolV4uVOnUIRm2hZA0"
x-powered-by: Express
cf-cache-status: DYNAMIC
Nel: {"report_to":"cf-nel","success_fraction":0.0,"max_age":604800}
Report-To: {"group":"cf-nel","max_age":604800,"endpoints":[{"url":"https://a.nel.cloudflare.com/report/v4?s=knOZuSdDvHTJm0LjYb51zJlDo1T80%2FuLJVQvo0P09inCkglRSmVk8LgYb1SJe00Tj7migchJsuhgiEG1rpJcvhf8gZ5YkRauuIBu4wwk1g%3D%3D"}]}
Server: cloudflare
CF-RAY: 9e1f78f65fc9d355-FRA
alt-svc: h3=":443"; ma=86400

{
    "error": "Invalid email or password"
}
18:00:33.124 ?[34mINFO ?[0;39m [Test worker] ?[36mc.carbooking.taskApp.utils.LogUtil?[0;39m - ]]>&#x1f4e5;<![CDATA[ API ответ: статус 401
18:00:33.124 ?[1;31mERROR?[0;39m [Test worker] ?[36mcom.carbooking.utils.TestNGListener?[0;39m - ❌ TEST FAILED: testCreateBooking_PastDates_ShouldReturn400
18:00:33.124 ?[1;31mERROR?[0;39m [Test worker] ?[36mcom.carbooking.utils.TestNGListener?[0;39m - Reason: Error during login attempt! expected [200] but found [401]
18:00:33.124 ?[1;31mERROR?[0;39m [Test worker] ?[36mcom.carbooking.utils.TestNGListener?[0;39m - ----------------------------------------------------------------------
18:00:33.124 ?[34mINFO ?[0;39m [Test worker] ?[36mcom.carbooking.utils.TestNGListener?[0;39m - 
======================================================================
18:00:33.124 ?[34mINFO ?[0;39m [Test worker] ?[36mcom.carbooking.utils.TestNGListener?[0;39m - ****  TEST STARTED: testCreateBooking_ValidData_ShouldReturn201
18:00:33.124 ?[34mINFO ?[0;39m [Test worker] ?[36mcom.carbooking.utils.TestNGListener?[0;39m - ======================================================================
18:00:33.131 ?[34mINFO ?[0;39m [Test worker] ?[36mc.carbooking.taskApp.utils.LogUtil?[0;39m - 
]]>&#x1f4cc;<![CDATA[ ШАГ: Logging in
Request method:	POST
Request URI:	https://dev.pshacks.org/api/v3/auth/login
Proxy:			<none>
Request params:	<none>
Query params:	<none>
Form params:	<none>
Path params:	<none>
Headers:		Accept=application/json, application/javascript, text/javascript, text/json
				Content-Type=application/json
Cookies:		<none>
Multiparts:		<none>
Body:
{
    "email": "test807@test.me",
    "password": "password123"
}
Request method:	POST
Request URI:	https://dev.pshacks.org/api/v3/auth/login
Proxy:			<none>
Request params:	<none>
Query params:	<none>
Form params:	<none>
Path params:	<none>
Headers:		Accept=application/json, application/javascript, text/javascript, text/json
				Content-Type=application/json
Cookies:		<none>
Multiparts:		<none>
Body:
{
    "email": "test807@test.me",
    "password": "password123"
}
HTTP/1.1 401 Unauthorized
Date: Wed, 25 Mar 2026 17:00:33 GMT
Content-Type: application/json; charset=utf-8
Content-Length: 37
Connection: keep-alive
access-control-allow-origin: *
etag: W/"25-3YG4LRpklFolV4uVOnUIRm2hZA0"
x-powered-by: Express
cf-cache-status: DYNAMIC
Nel: {"report_to":"cf-nel","success_fraction":0.0,"max_age":604800}
Report-To: {"group":"cf-nel","max_age":604800,"endpoints":[{"url":"https://a.nel.cloudflare.com/report/v4?s=%2Fdt3tVyFQCNy9rK8wpm2naEmDqZkk0TmmJFKBHV6DN2rhk2MFoxWbMWDh72WtTjJES2pk2Msa1oG0crRIk3OADz1Z8eD973Gt%2B%2FQQbBnKQ%3D%3D"}]}
Server: cloudflare
CF-RAY: 9e1f78f7a87133e8-FRA
alt-svc: h3=":443"; ma=86400

{
    "error": "Invalid email or password"
}
18:00:33.339 ?[34mINFO ?[0;39m [Test worker] ?[36mc.carbooking.taskApp.utils.LogUtil?[0;39m - ]]>&#x1f4e5;<![CDATA[ API ответ: статус 401
18:00:33.341 ?[1;31mERROR?[0;39m [Test worker] ?[36mcom.carbooking.utils.TestNGListener?[0;39m - ❌ TEST FAILED: testCreateBooking_ValidData_ShouldReturn201
18:00:33.341 ?[1;31mERROR?[0;39m [Test worker] ?[36mcom.carbooking.utils.TestNGListener?[0;39m - Reason: Error during login attempt! expected [200] but found [401]
18:00:33.341 ?[1;31mERROR?[0;39m [Test worker] ?[36mcom.carbooking.utils.TestNGListener?[0;39m - ----------------------------------------------------------------------
18:00:33.341 ?[34mINFO ?[0;39m [Test worker] ?[36mcom.carbooking.utils.TestNGListener?[0;39m - 
======================================================================
18:00:33.341 ?[34mINFO ?[0;39m [Test worker] ?[36mcom.carbooking.utils.TestNGListener?[0;39m - ****  TEST STARTED: testCreateBooking_WithoutUserId_ShouldReturn400
18:00:33.341 ?[34mINFO ?[0;39m [Test worker] ?[36mcom.carbooking.utils.TestNGListener?[0;39m - ======================================================================
18:00:33.341 ?[34mINFO ?[0;39m [Test worker] ?[36mc.carbooking.taskApp.utils.LogUtil?[0;39m - 
]]>&#x1f4cc;<![CDATA[ ШАГ: Logging in
Request method:	POST
Request URI:	https://dev.pshacks.org/api/v3/auth/login
Proxy:			<none>
Request params:	<none>
Query params:	<none>
Form params:	<none>
Path params:	<none>
Headers:		Accept=application/json, application/javascript, text/javascript, text/json
				Content-Type=application/json
Cookies:		<none>
Multiparts:		<none>
Body:
{
    "email": "test807@test.me",
    "password": "password123"
}
Request method:	POST
Request URI:	https://dev.pshacks.org/api/v3/auth/login
Proxy:			<none>
Request params:	<none>
Query params:	<none>
Form params:	<none>
Path params:	<none>
Headers:		Accept=application/json, application/javascript, text/javascript, text/json
				Content-Type=application/json
Cookies:		<none>
Multiparts:		<none>
Body:
{
    "email": "test807@test.me",
    "password": "password123"
}
HTTP/1.1 401 Unauthorized
Date: Wed, 25 Mar 2026 17:00:34 GMT
Content-Type: application/json; charset=utf-8
Content-Length: 37
Connection: keep-alive
access-control-allow-origin: *
etag: W/"25-3YG4LRpklFolV4uVOnUIRm2hZA0"
x-powered-by: Express
cf-cache-status: DYNAMIC
Nel: {"report_to":"cf-nel","success_fraction":0.0,"max_age":604800}
Report-To: {"group":"cf-nel","max_age":604800,"endpoints":[{"url":"https://a.nel.cloudflare.com/report/v4?s=gI3wAAN0Xzt8kMROsmfJ13KBAnlWkRn1jQxuGOdNCTRFMn6T%2F7eyHhB7F1sOXoietvFIRBkd7%2BVck%2FQl30iagfqdKge8Zhs6JIIF8xogtw%3D%3D"}]}
Server: cloudflare
CF-RAY: 9e1f78f8fc393618-FRA
alt-svc: h3=":443"; ma=86400

{
    "error": "Invalid email or password"
}
18:00:33.566 ?[34mINFO ?[0;39m [Test worker] ?[36mc.carbooking.taskApp.utils.LogUtil?[0;39m - ]]>&#x1f4e5;<![CDATA[ API ответ: статус 401
18:00:33.574 ?[1;31mERROR?[0;39m [Test worker] ?[36mcom.carbooking.utils.TestNGListener?[0;39m - ❌ TEST FAILED: testCreateBooking_WithoutUserId_ShouldReturn400
18:00:33.574 ?[1;31mERROR?[0;39m [Test worker] ?[36mcom.carbooking.utils.TestNGListener?[0;39m - Reason: Error during login attempt! expected [200] but found [401]
18:00:33.574 ?[1;31mERROR?[0;39m [Test worker] ?[36mcom.carbooking.utils.TestNGListener?[0;39m - ----------------------------------------------------------------------
18:00:33.577 ?[34mINFO ?[0;39m [Test worker] ?[36mcom.carbooking.utils.TestNGListener?[0;39m - 
======================================================================
18:00:33.577 ?[34mINFO ?[0;39m [Test worker] ?[36mcom.carbooking.utils.TestNGListener?[0;39m - ****  TEST STARTED: testDeleteBooking_ExistingBooking_ShouldReturn200
18:00:33.577 ?[34mINFO ?[0;39m [Test worker] ?[36mcom.carbooking.utils.TestNGListener?[0;39m - ======================================================================
18:00:33.579 ?[34mINFO ?[0;39m [Test worker] ?[36mc.carbooking.taskApp.utils.LogUtil?[0;39m - 
]]>&#x1f4cc;<![CDATA[ ШАГ: Logging in
Request method:	POST
Request URI:	https://dev.pshacks.org/api/v3/auth/login
Proxy:			<none>
Request params:	<none>
Query params:	<none>
Form params:	<none>
Path params:	<none>
Headers:		Accept=application/json, application/javascript, text/javascript, text/json
				Content-Type=application/json
Cookies:		<none>
Multiparts:		<none>
Body:
{
    "email": "test807@test.me",
    "password": "password123"
}
Request method:	POST
Request URI:	https://dev.pshacks.org/api/v3/auth/login
Proxy:			<none>
Request params:	<none>
Query params:	<none>
Form params:	<none>
Path params:	<none>
Headers:		Accept=application/json, application/javascript, text/javascript, text/json
				Content-Type=application/json
Cookies:		<none>
Multiparts:		<none>
Body:
{
    "email": "test807@test.me",
    "password": "password123"
}
HTTP/1.1 401 Unauthorized
Date: Wed, 25 Mar 2026 17:00:34 GMT
Content-Type: application/json; charset=utf-8
Content-Length: 37
Connection: keep-alive
access-control-allow-origin: *
etag: W/"25-3YG4LRpklFolV4uVOnUIRm2hZA0"
x-powered-by: Express
cf-cache-status: DYNAMIC
Nel: {"report_to":"cf-nel","success_fraction":0.0,"max_age":604800}
Report-To: {"group":"cf-nel","max_age":604800,"endpoints":[{"url":"https://a.nel.cloudflare.com/report/v4?s=CcTo%2FfmHG1dCLstHPVjzVrESUD7Rkt0mbCEWSKh4lLRx%2FuHDMAPDuIi9fCBvdwBuTpqqwAs66dMR5uLYYKTUbVWKROxCNhesyC6xLIXctw%3D%3D"}]}
Server: cloudflare
CF-RAY: 9e1f78fa782cdc8c-FRA
alt-svc: h3=":443"; ma=86400

{
    "error": "Invalid email or password"
}
18:00:33.768 ?[34mINFO ?[0;39m [Test worker] ?[36mc.carbooking.taskApp.utils.LogUtil?[0;39m - ]]>&#x1f4e5;<![CDATA[ API ответ: статус 401
18:00:33.784 ?[1;31mERROR?[0;39m [Test worker] ?[36mcom.carbooking.utils.TestNGListener?[0;39m - ❌ TEST FAILED: testDeleteBooking_ExistingBooking_ShouldReturn200
18:00:33.784 ?[1;31mERROR?[0;39m [Test worker] ?[36mcom.carbooking.utils.TestNGListener?[0;39m - Reason: Error during login attempt! expected [200] but found [401]
18:00:33.784 ?[1;31mERROR?[0;39m [Test worker] ?[36mcom.carbooking.utils.TestNGListener?[0;39m - ----------------------------------------------------------------------
18:00:33.784 ?[34mINFO ?[0;39m [Test worker] ?[36mcom.carbooking.utils.TestNGListener?[0;39m - 
======================================================================
18:00:33.784 ?[34mINFO ?[0;39m [Test worker] ?[36mcom.carbooking.utils.TestNGListener?[0;39m - ****  TEST STARTED: testDeleteBooking_NonExistingId_ShouldReturn404
18:00:33.784 ?[34mINFO ?[0;39m [Test worker] ?[36mcom.carbooking.utils.TestNGListener?[0;39m - ======================================================================
18:00:33.784 ?[34mINFO ?[0;39m [Test worker] ?[36mc.carbooking.taskApp.utils.LogUtil?[0;39m - 
]]>&#x1f4cc;<![CDATA[ ШАГ: Logging in
Request method:	POST
Request URI:	https://dev.pshacks.org/api/v3/auth/login
Proxy:			<none>
Request params:	<none>
Query params:	<none>
Form params:	<none>
Path params:	<none>
Headers:		Accept=application/json, application/javascript, text/javascript, text/json
				Content-Type=application/json
Cookies:		<none>
Multiparts:		<none>
Body:
{
    "email": "test807@test.me",
    "password": "password123"
}
Request method:	POST
Request URI:	https://dev.pshacks.org/api/v3/auth/login
Proxy:			<none>
Request params:	<none>
Query params:	<none>
Form params:	<none>
Path params:	<none>
Headers:		Accept=application/json, application/javascript, text/javascript, text/json
				Content-Type=application/json
Cookies:		<none>
Multiparts:		<none>
Body:
{
    "email": "test807@test.me",
    "password": "password123"
}
HTTP/1.1 401 Unauthorized
Date: Wed, 25 Mar 2026 17:00:34 GMT
Content-Type: application/json; charset=utf-8
Content-Length: 37
Connection: keep-alive
access-control-allow-origin: *
etag: W/"25-3YG4LRpklFolV4uVOnUIRm2hZA0"
x-powered-by: Express
cf-cache-status: DYNAMIC
Nel: {"report_to":"cf-nel","success_fraction":0.0,"max_age":604800}
Report-To: {"group":"cf-nel","max_age":604800,"endpoints":[{"url":"https://a.nel.cloudflare.com/report/v4?s=Gwd564y8wn0XLdk3HVBSh%2Bt%2F9FYw%2FpNAHgB2Fotg2jdUhi1dx%2FmRtoB5pCfurHxfs4fYOvcdcsgAN3Uy8zeBveu9wmuCozfte4cHMWQU2A%3D%3D"}]}
Server: cloudflare
CF-RAY: 9e1f78fbab813665-FRA
alt-svc: h3=":443"; ma=86400

{
    "error": "Invalid email or password"
}
18:00:33.993 ?[34mINFO ?[0;39m [Test worker] ?[36mc.carbooking.taskApp.utils.LogUtil?[0;39m - ]]>&#x1f4e5;<![CDATA[ API ответ: статус 401
18:00:34.004 ?[1;31mERROR?[0;39m [Test worker] ?[36mcom.carbooking.utils.TestNGListener?[0;39m - ❌ TEST FAILED: testDeleteBooking_NonExistingId_ShouldReturn404
18:00:34.006 ?[1;31mERROR?[0;39m [Test worker] ?[36mcom.carbooking.utils.TestNGListener?[0;39m - Reason: Error during login attempt! expected [200] but found [401]
18:00:34.006 ?[1;31mERROR?[0;39m [Test worker] ?[36mcom.carbooking.utils.TestNGListener?[0;39m - ----------------------------------------------------------------------
18:00:34.006 ?[34mINFO ?[0;39m [Test worker] ?[36mcom.carbooking.utils.TestNGListener?[0;39m - 
======================================================================
18:00:34.006 ?[34mINFO ?[0;39m [Test worker] ?[36mcom.carbooking.utils.TestNGListener?[0;39m - ****  TEST STARTED: testGetAllBookings_ShouldReturn200
18:00:34.008 ?[34mINFO ?[0;39m [Test worker] ?[36mcom.carbooking.utils.TestNGListener?[0;39m - ======================================================================
18:00:34.012 ?[34mINFO ?[0;39m [Test worker] ?[36mc.carbooking.taskApp.utils.LogUtil?[0;39m - 
]]>&#x1f4cc;<![CDATA[ ШАГ: Logging in
Request method:	POST
Request URI:	https://dev.pshacks.org/api/v3/auth/login
Proxy:			<none>
Request params:	<none>
Query params:	<none>
Form params:	<none>
Path params:	<none>
Headers:		Accept=application/json, application/javascript, text/javascript, text/json
				Content-Type=application/json
Cookies:		<none>
Multiparts:		<none>
Body:
{
    "email": "test807@test.me",
    "password": "password123"
}
Request method:	POST
Request URI:	https://dev.pshacks.org/api/v3/auth/login
Proxy:			<none>
Request params:	<none>
Query params:	<none>
Form params:	<none>
Path params:	<none>
Headers:		Accept=application/json, application/javascript, text/javascript, text/json
				Content-Type=application/json
Cookies:		<none>
Multiparts:		<none>
Body:
{
    "email": "test807@test.me",
    "password": "password123"
}
HTTP/1.1 401 Unauthorized
Date: Wed, 25 Mar 2026 17:00:34 GMT
Content-Type: application/json; charset=utf-8
Content-Length: 37
Connection: keep-alive
access-control-allow-origin: *
etag: W/"25-3YG4LRpklFolV4uVOnUIRm2hZA0"
x-powered-by: Express
cf-cache-status: DYNAMIC
Nel: {"report_to":"cf-nel","success_fraction":0.0,"max_age":604800}
Report-To: {"group":"cf-nel","max_age":604800,"endpoints":[{"url":"https://a.nel.cloudflare.com/report/v4?s=E%2Bmpwk7rwMRZmrP8g8GQgnB8Aad20Vgg1%2BP4%2F4j1%2FhHFCpcs5Ff4keK1ezI3UJuq%2FksH8LFzS1EgpklJbP3EqN%2F6jSmaVkucUb2ID%2Fo6hA%3D%3D"}]}
Server: cloudflare
CF-RAY: 9e1f78fd2aa8d2ea-FRA
alt-svc: h3=":443"; ma=86400

{
    "error": "Invalid email or password"
}
18:00:34.202 ?[34mINFO ?[0;39m [Test worker] ?[36mc.carbooking.taskApp.utils.LogUtil?[0;39m - ]]>&#x1f4e5;<![CDATA[ API ответ: статус 401
18:00:34.206 ?[1;31mERROR?[0;39m [Test worker] ?[36mcom.carbooking.utils.TestNGListener?[0;39m - ❌ TEST FAILED: testGetAllBookings_ShouldReturn200
18:00:34.206 ?[1;31mERROR?[0;39m [Test worker] ?[36mcom.carbooking.utils.TestNGListener?[0;39m - Reason: Error during login attempt! expected [200] but found [401]
18:00:34.206 ?[1;31mERROR?[0;39m [Test worker] ?[36mcom.carbooking.utils.TestNGListener?[0;39m - ----------------------------------------------------------------------
18:00:34.206 ?[34mINFO ?[0;39m [Test worker] ?[36mcom.carbooking.utils.TestNGListener?[0;39m - 
======================================================================
18:00:34.206 ?[34mINFO ?[0;39m [Test worker] ?[36mcom.carbooking.utils.TestNGListener?[0;39m - ****  TEST STARTED: testGetBookingById_ExistingBooking_ShouldReturn200
18:00:34.206 ?[34mINFO ?[0;39m [Test worker] ?[36mcom.carbooking.utils.TestNGListener?[0;39m - ======================================================================
18:00:34.206 ?[34mINFO ?[0;39m [Test worker] ?[36mc.carbooking.taskApp.utils.LogUtil?[0;39m - 
]]>&#x1f4cc;<![CDATA[ ШАГ: Logging in
Request method:	POST
Request URI:	https://dev.pshacks.org/api/v3/auth/login
Proxy:			<none>
Request params:	<none>
Query params:	<none>
Form params:	<none>
Path params:	<none>
Headers:		Accept=application/json, application/javascript, text/javascript, text/json
				Content-Type=application/json
Cookies:		<none>
Multiparts:		<none>
Body:
{
    "email": "test807@test.me",
    "password": "password123"
}
Request method:	POST
Request URI:	https://dev.pshacks.org/api/v3/auth/login
Proxy:			<none>
Request params:	<none>
Query params:	<none>
Form params:	<none>
Path params:	<none>
Headers:		Accept=application/json, application/javascript, text/javascript, text/json
				Content-Type=application/json
Cookies:		<none>
Multiparts:		<none>
Body:
{
    "email": "test807@test.me",
    "password": "password123"
}
HTTP/1.1 401 Unauthorized
Date: Wed, 25 Mar 2026 17:00:35 GMT
Content-Type: application/json; charset=utf-8
Content-Length: 37
Connection: keep-alive
access-control-allow-origin: *
etag: W/"25-3YG4LRpklFolV4uVOnUIRm2hZA0"
x-powered-by: Express
cf-cache-status: DYNAMIC
Nel: {"report_to":"cf-nel","success_fraction":0.0,"max_age":604800}
Report-To: {"group":"cf-nel","max_age":604800,"endpoints":[{"url":"https://a.nel.cloudflare.com/report/v4?s=U7uWPWn6truGWN9flMQ2G5FicSmgrt48gyr%2Fapta4j%2FZmkd5ZrpIytJIEeHgV01GSt8SS5Obzfy0Z9lN9Dt7NtVE8I9oUHfibuRt563kqg%3D%3D"}]}
Server: cloudflare
CF-RAY: 9e1f78fe4cc3d3b5-FRA
alt-svc: h3=":443"; ma=86400

{
    "error": "Invalid email or password"
}
18:00:34.377 ?[34mINFO ?[0;39m [Test worker] ?[36mc.carbooking.taskApp.utils.LogUtil?[0;39m - ]]>&#x1f4e5;<![CDATA[ API ответ: статус 401
18:00:34.377 ?[1;31mERROR?[0;39m [Test worker] ?[36mcom.carbooking.utils.TestNGListener?[0;39m - ❌ TEST FAILED: testGetBookingById_ExistingBooking_ShouldReturn200
18:00:34.377 ?[1;31mERROR?[0;39m [Test worker] ?[36mcom.carbooking.utils.TestNGListener?[0;39m - Reason: Error during login attempt! expected [200] but found [401]
18:00:34.377 ?[1;31mERROR?[0;39m [Test worker] ?[36mcom.carbooking.utils.TestNGListener?[0;39m - ----------------------------------------------------------------------
18:00:34.377 ?[34mINFO ?[0;39m [Test worker] ?[36mcom.carbooking.utils.TestNGListener?[0;39m - 
======================================================================
18:00:34.377 ?[34mINFO ?[0;39m [Test worker] ?[36mcom.carbooking.utils.TestNGListener?[0;39m - ****  TEST STARTED: testGetBookingById_InvalidIdFormat_ShouldReturn400
18:00:34.377 ?[34mINFO ?[0;39m [Test worker] ?[36mcom.carbooking.utils.TestNGListener?[0;39m - ======================================================================
18:00:34.377 ?[34mINFO ?[0;39m [Test worker] ?[36mc.carbooking.taskApp.utils.LogUtil?[0;39m - 
]]>&#x1f4cc;<![CDATA[ ШАГ: Logging in
Request method:	POST
Request URI:	https://dev.pshacks.org/api/v3/auth/login
Proxy:			<none>
Request params:	<none>
Query params:	<none>
Form params:	<none>
Path params:	<none>
Headers:		Accept=application/json, application/javascript, text/javascript, text/json
				Content-Type=application/json
Cookies:		<none>
Multiparts:		<none>
Body:
{
    "email": "test807@test.me",
    "password": "password123"
}
Request method:	POST
Request URI:	https://dev.pshacks.org/api/v3/auth/login
Proxy:			<none>
Request params:	<none>
Query params:	<none>
Form params:	<none>
Path params:	<none>
Headers:		Accept=application/json, application/javascript, text/javascript, text/json
				Content-Type=application/json
Cookies:		<none>
Multiparts:		<none>
Body:
{
    "email": "test807@test.me",
    "password": "password123"
}
HTTP/1.1 401 Unauthorized
Date: Wed, 25 Mar 2026 17:00:35 GMT
Content-Type: application/json; charset=utf-8
Content-Length: 37
Connection: keep-alive
access-control-allow-origin: *
etag: W/"25-3YG4LRpklFolV4uVOnUIRm2hZA0"
x-powered-by: Express
cf-cache-status: DYNAMIC
Nel: {"report_to":"cf-nel","success_fraction":0.0,"max_age":604800}
Report-To: {"group":"cf-nel","max_age":604800,"endpoints":[{"url":"https://a.nel.cloudflare.com/report/v4?s=ZdP4Gz128G2ibkddIVsr7E8uMHyZrdJ8RiGvECHI9x%2B91Sx%2FzpG9iJ8Ye9VoEdkG6jKe7ygciTconKeDT60qwM0nLlYWxSKffPJP0Rb%2Fhg%3D%3D"}]}
Server: cloudflare
CF-RAY: 9e1f78ff5fd6590f-FRA
alt-svc: h3=":443"; ma=86400

{
    "error": "Invalid email or password"
}
18:00:34.557 ?[34mINFO ?[0;39m [Test worker] ?[36mc.carbooking.taskApp.utils.LogUtil?[0;39m - ]]>&#x1f4e5;<![CDATA[ API ответ: статус 401
18:00:34.560 ?[1;31mERROR?[0;39m [Test worker] ?[36mcom.carbooking.utils.TestNGListener?[0;39m - ❌ TEST FAILED: testGetBookingById_InvalidIdFormat_ShouldReturn400
18:00:34.560 ?[1;31mERROR?[0;39m [Test worker] ?[36mcom.carbooking.utils.TestNGListener?[0;39m - Reason: Error during login attempt! expected [200] but found [401]
18:00:34.560 ?[1;31mERROR?[0;39m [Test worker] ?[36mcom.carbooking.utils.TestNGListener?[0;39m - ----------------------------------------------------------------------
18:00:34.560 ?[34mINFO ?[0;39m [Test worker] ?[36mcom.carbooking.utils.TestNGListener?[0;39m - 
======================================================================
18:00:34.560 ?[34mINFO ?[0;39m [Test worker] ?[36mcom.carbooking.utils.TestNGListener?[0;39m - ****  TEST STARTED: testGetBookingById_NonExistingId_ShouldReturn404
18:00:34.560 ?[34mINFO ?[0;39m [Test worker] ?[36mcom.carbooking.utils.TestNGListener?[0;39m - ======================================================================
18:00:34.560 ?[34mINFO ?[0;39m [Test worker] ?[36mc.carbooking.taskApp.utils.LogUtil?[0;39m - 
]]>&#x1f4cc;<![CDATA[ ШАГ: Logging in
Request method:	POST
Request URI:	https://dev.pshacks.org/api/v3/auth/login
Proxy:			<none>
Request params:	<none>
Query params:	<none>
Form params:	<none>
Path params:	<none>
Headers:		Accept=application/json, application/javascript, text/javascript, text/json
				Content-Type=application/json
Cookies:		<none>
Multiparts:		<none>
Body:
{
    "email": "test807@test.me",
    "password": "password123"
}
Request method:	POST
Request URI:	https://dev.pshacks.org/api/v3/auth/login
Proxy:			<none>
Request params:	<none>
Query params:	<none>
Form params:	<none>
Path params:	<none>
Headers:		Accept=application/json, application/javascript, text/javascript, text/json
				Content-Type=application/json
Cookies:		<none>
Multiparts:		<none>
Body:
{
    "email": "test807@test.me",
    "password": "password123"
}
HTTP/1.1 401 Unauthorized
Date: Wed, 25 Mar 2026 17:00:35 GMT
Content-Type: application/json; charset=utf-8
Content-Length: 37
Connection: keep-alive
access-control-allow-origin: *
etag: W/"25-3YG4LRpklFolV4uVOnUIRm2hZA0"
x-powered-by: Express
cf-cache-status: DYNAMIC
Nel: {"report_to":"cf-nel","success_fraction":0.0,"max_age":604800}
Report-To: {"group":"cf-nel","max_age":604800,"endpoints":[{"url":"https://a.nel.cloudflare.com/report/v4?s=FJZbkauyxi1wntMG7vr1bNGqzK%2BE%2BL3D9mxW0XT7t2exP5YOuW3PLashBqNhU%2BAQcbsJoYoIqsrwYw5d%2Fx%2F8mxsf6hlNiCftyegBCiCwRAniaRVVPrQ71qXkPv3XD3Qp02A%3D"}]}
Server: cloudflare
CF-RAY: 9e1f79008fa6dbcd-FRA
alt-svc: h3=":443"; ma=86400

{
    "error": "Invalid email or password"
}
18:00:34.758 ?[34mINFO ?[0;39m [Test worker] ?[36mc.carbooking.taskApp.utils.LogUtil?[0;39m - ]]>&#x1f4e5;<![CDATA[ API ответ: статус 401
18:00:34.763 ?[1;31mERROR?[0;39m [Test worker] ?[36mcom.carbooking.utils.TestNGListener?[0;39m - ❌ TEST FAILED: testGetBookingById_NonExistingId_ShouldReturn404
18:00:34.763 ?[1;31mERROR?[0;39m [Test worker] ?[36mcom.carbooking.utils.TestNGListener?[0;39m - Reason: Error during login attempt! expected [200] but found [401]
18:00:34.763 ?[1;31mERROR?[0;39m [Test worker] ?[36mcom.carbooking.utils.TestNGListener?[0;39m - ----------------------------------------------------------------------
18:00:34.763 ?[34mINFO ?[0;39m [Test worker] ?[36mcom.carbooking.utils.TestNGListener?[0;39m - 
======================================================================
18:00:34.763 ?[34mINFO ?[0;39m [Test worker] ?[36mcom.carbooking.utils.TestNGListener?[0;39m - ****  TEST STARTED: testGetBookings_ByUserId_ShouldReturnFilteredList
18:00:34.763 ?[34mINFO ?[0;39m [Test worker] ?[36mcom.carbooking.utils.TestNGListener?[0;39m - ======================================================================
18:00:34.772 ?[34mINFO ?[0;39m [Test worker] ?[36mc.carbooking.taskApp.utils.LogUtil?[0;39m - 
]]>&#x1f4cc;<![CDATA[ ШАГ: Logging in
Request method:	POST
Request URI:	https://dev.pshacks.org/api/v3/auth/login
Proxy:			<none>
Request params:	<none>
Query params:	<none>
Form params:	<none>
Path params:	<none>
Headers:		Accept=application/json, application/javascript, text/javascript, text/json
				Content-Type=application/json
Cookies:		<none>
Multiparts:		<none>
Body:
{
    "email": "test807@test.me",
    "password": "password123"
}
Request method:	POST
Request URI:	https://dev.pshacks.org/api/v3/auth/login
Proxy:			<none>
Request params:	<none>
Query params:	<none>
Form params:	<none>
Path params:	<none>
Headers:		Accept=application/json, application/javascript, text/javascript, text/json
				Content-Type=application/json
Cookies:		<none>
Multiparts:		<none>
Body:
{
    "email": "test807@test.me",
    "password": "password123"
}
HTTP/1.1 401 Unauthorized
Date: Wed, 25 Mar 2026 17:00:35 GMT
Content-Type: application/json; charset=utf-8
Content-Length: 37
Connection: keep-alive
access-control-allow-origin: *
etag: W/"25-3YG4LRpklFolV4uVOnUIRm2hZA0"
x-powered-by: Express
cf-cache-status: DYNAMIC
Nel: {"report_to":"cf-nel","success_fraction":0.0,"max_age":604800}
Report-To: {"group":"cf-nel","max_age":604800,"endpoints":[{"url":"https://a.nel.cloudflare.com/report/v4?s=m0hv%2BefY7S6nb3o%2BSNNiTYH3M0JKByXttxAuGJ844foqPYiGe%2FfZfcQBAwkDTWRdXnLKiBB7WBNp6q2KZP%2FXLA1zDcRFiRQSOYHV%2Fr59YQ%3D%3D"}]}
Server: cloudflare
CF-RAY: 9e1f7901d893dc7a-FRA
alt-svc: h3=":443"; ma=86400

{
    "error": "Invalid email or password"
}
18:00:34.959 ?[34mINFO ?[0;39m [Test worker] ?[36mc.carbooking.taskApp.utils.LogUtil?[0;39m - ]]>&#x1f4e5;<![CDATA[ API ответ: статус 401
18:00:34.959 ?[1;31mERROR?[0;39m [Test worker] ?[36mcom.carbooking.utils.TestNGListener?[0;39m - ❌ TEST FAILED: testGetBookings_ByUserId_ShouldReturnFilteredList
18:00:34.959 ?[1;31mERROR?[0;39m [Test worker] ?[36mcom.carbooking.utils.TestNGListener?[0;39m - Reason: Error during login attempt! expected [200] but found [401]
18:00:34.959 ?[1;31mERROR?[0;39m [Test worker] ?[36mcom.carbooking.utils.TestNGListener?[0;39m - ----------------------------------------------------------------------
18:00:34.959 ?[34mINFO ?[0;39m [Test worker] ?[36mcom.carbooking.utils.TestNGListener?[0;39m - 
======================================================================
18:00:34.959 ?[34mINFO ?[0;39m [Test worker] ?[36mcom.carbooking.utils.TestNGListener?[0;39m - ****  TEST STARTED: testUpdateBooking_ChangeDates_ShouldReturn200
18:00:34.959 ?[34mINFO ?[0;39m [Test worker] ?[36mcom.carbooking.utils.TestNGListener?[0;39m - ======================================================================
18:00:34.959 ?[34mINFO ?[0;39m [Test worker] ?[36mc.carbooking.taskApp.utils.LogUtil?[0;39m - 
]]>&#x1f4cc;<![CDATA[ ШАГ: Logging in
Request method:	POST
Request URI:	https://dev.pshacks.org/api/v3/auth/login
Proxy:			<none>
Request params:	<none>
Query params:	<none>
Form params:	<none>
Path params:	<none>
Headers:		Accept=application/json, application/javascript, text/javascript, text/json
				Content-Type=application/json
Cookies:		<none>
Multiparts:		<none>
Body:
{
    "email": "test807@test.me",
    "password": "password123"
}
Request method:	POST
Request URI:	https://dev.pshacks.org/api/v3/auth/login
Proxy:			<none>
Request params:	<none>
Query params:	<none>
Form params:	<none>
Path params:	<none>
Headers:		Accept=application/json, application/javascript, text/javascript, text/json
				Content-Type=application/json
Cookies:		<none>
Multiparts:		<none>
Body:
{
    "email": "test807@test.me",
    "password": "password123"
}
HTTP/1.1 401 Unauthorized
Date: Wed, 25 Mar 2026 17:00:35 GMT
Content-Type: application/json; charset=utf-8
Content-Length: 37
Connection: keep-alive
access-control-allow-origin: *
etag: W/"25-3YG4LRpklFolV4uVOnUIRm2hZA0"
x-powered-by: Express
cf-cache-status: DYNAMIC
Nel: {"report_to":"cf-nel","success_fraction":0.0,"max_age":604800}
Report-To: {"group":"cf-nel","max_age":604800,"endpoints":[{"url":"https://a.nel.cloudflare.com/report/v4?s=%2BnlUS2eZ7EfRTKA2YWMKuDjAsq%2BZlbmXbsvcNRR8I0nNIacBGud4T%2Fj2fZLOhbjm%2BBjOqbiQ7UNcA24N%2FDmlJEvPfxQJaADLiNE6W6x%2Fdg%3D%3D"}]}
Server: cloudflare
CF-RAY: 9e1f7902ff94ae55-FRA
alt-svc: h3=":443"; ma=86400

{
    "error": "Invalid email or password"
}
18:00:35.310 ?[34mINFO ?[0;39m [Test worker] ?[36mc.carbooking.taskApp.utils.LogUtil?[0;39m - ]]>&#x1f4e5;<![CDATA[ API ответ: статус 401
18:00:35.310 ?[1;31mERROR?[0;39m [Test worker] ?[36mcom.carbooking.utils.TestNGListener?[0;39m - ❌ TEST FAILED: testUpdateBooking_ChangeDates_ShouldReturn200
18:00:35.310 ?[1;31mERROR?[0;39m [Test worker] ?[36mcom.carbooking.utils.TestNGListener?[0;39m - Reason: Error during login attempt! expected [200] but found [401]
18:00:35.310 ?[1;31mERROR?[0;39m [Test worker] ?[36mcom.carbooking.utils.TestNGListener?[0;39m - ----------------------------------------------------------------------
18:00:35.310 ?[34mINFO ?[0;39m [Test worker] ?[36mcom.carbooking.utils.TestNGListener?[0;39m - 
======================================================================
18:00:35.310 ?[34mINFO ?[0;39m [Test worker] ?[36mcom.carbooking.utils.TestNGListener?[0;39m - ****  TEST STARTED: testUpdateBooking_NonExistingId_ShouldReturn404
18:00:35.310 ?[34mINFO ?[0;39m [Test worker] ?[36mcom.carbooking.utils.TestNGListener?[0;39m - ======================================================================
18:00:35.310 ?[34mINFO ?[0;39m [Test worker] ?[36mc.carbooking.taskApp.utils.LogUtil?[0;39m - 
]]>&#x1f4cc;<![CDATA[ ШАГ: Logging in
Request method:	POST
Request URI:	https://dev.pshacks.org/api/v3/auth/login
Proxy:			<none>
Request params:	<none>
Query params:	<none>
Form params:	<none>
Path params:	<none>
Headers:		Accept=application/json, application/javascript, text/javascript, text/json
				Content-Type=application/json
Cookies:		<none>
Multiparts:		<none>
Body:
{
    "email": "test807@test.me",
    "password": "password123"
}
Request method:	POST
Request URI:	https://dev.pshacks.org/api/v3/auth/login
Proxy:			<none>
Request params:	<none>
Query params:	<none>
Form params:	<none>
Path params:	<none>
Headers:		Accept=application/json, application/javascript, text/javascript, text/json
				Content-Type=application/json
Cookies:		<none>
Multiparts:		<none>
Body:
{
    "email": "test807@test.me",
    "password": "password123"
}
HTTP/1.1 401 Unauthorized
Date: Wed, 25 Mar 2026 17:00:36 GMT
Content-Type: application/json; charset=utf-8
Content-Length: 37
Connection: keep-alive
access-control-allow-origin: *
etag: W/"25-3YG4LRpklFolV4uVOnUIRm2hZA0"
x-powered-by: Express
cf-cache-status: DYNAMIC
Nel: {"report_to":"cf-nel","success_fraction":0.0,"max_age":604800}
Report-To: {"group":"cf-nel","max_age":604800,"endpoints":[{"url":"https://a.nel.cloudflare.com/report/v4?s=BxoVfLDYsFyvgOEUzy48%2FJsesu86K9yho31oQcJE%2FNx9Tl%2Fjtjrw1qFkbt9GiXWkfuxaZNHlaKHCJkigqMFFKeuYMoGTvXuimCgxxp6rsQ%3D%3D"}]}
Server: cloudflare
CF-RAY: 9e1f79053ad0d9d8-FRA
alt-svc: h3=":443"; ma=86400

{
    "error": "Invalid email or password"
}
18:00:35.501 ?[34mINFO ?[0;39m [Test worker] ?[36mc.carbooking.taskApp.utils.LogUtil?[0;39m - ]]>&#x1f4e5;<![CDATA[ API ответ: статус 401
18:00:35.501 ?[1;31mERROR?[0;39m [Test worker] ?[36mcom.carbooking.utils.TestNGListener?[0;39m - ❌ TEST FAILED: testUpdateBooking_NonExistingId_ShouldReturn404
18:00:35.501 ?[1;31mERROR?[0;39m [Test worker] ?[36mcom.carbooking.utils.TestNGListener?[0;39m - Reason: Error during login attempt! expected [200] but found [401]
18:00:35.501 ?[1;31mERROR?[0;39m [Test worker] ?[36mcom.carbooking.utils.TestNGListener?[0;39m - ----------------------------------------------------------------------
]]></system-out>
  <system-err><![CDATA[]]></system-err>
</testsuite>
