<?xml version="1.0" encoding="UTF-8"?>
<testsuite name="com.carbooking.taskApp.database.tests.UserDatabaseTest" tests="1" skipped="0" failures="0" errors="0" timestamp="2026-03-25T17:00:40.988Z" hostname="VITROM" time="0.026">
  <properties/>
  <testcase name="testGetUserByEmailFromDb" classname="com.carbooking.taskApp.database.tests.UserDatabaseTest" time="0.016"/>
  <system-out><![CDATA[18:00:40.998 ?[34mINFO ?[0;39m [Test worker] ?[36mcom.carbooking.utils.TestNGListener?[0;39m - 
======================================================================
18:00:40.998 ?[34mINFO ?[0;39m [Test worker] ?[36mcom.carbooking.utils.TestNGListener?[0;39m - ****  TEST STARTED: testGetUserByEmailFromDb
18:00:40.998 ?[34mINFO ?[0;39m [Test worker] ?[36mcom.carbooking.utils.TestNGListener?[0;39m - ======================================================================
Test completed successfully! User found:Test User1
18:00:41.016 ?[34mINFO ?[0;39m [Test worker] ?[36mcom.carbooking.utils.TestNGListener?[0;39m - ✅ TEST PASSED: testGetUserByEmailFromDb
18:00:41.016 ?[34mINFO ?[0;39m [Test worker] ?[36mcom.carbooking.utils.TestNGListener?[0;39m - ----------------------------------------------------------------------
]]></system-out>
  <system-err><![CDATA[]]></system-err>
</testsuite>
