<?xml version="1.0" encoding="UTF-8"?>
<testsuite name="com.carbooking.taskApp.database.tests.BookingDatabaseTest" tests="1" skipped="0" failures="0" errors="0" timestamp="2026-03-25T17:00:40.892Z" hostname="VITROM" time="0.046">
  <properties/>
  <testcase name="testGetBookingByIdFromDb" classname="com.carbooking.taskApp.database.tests.BookingDatabaseTest" time="0.047"/>
  <system-out><![CDATA[18:00:40.891 ?[34mINFO ?[0;39m [Test worker] ?[36mcom.carbooking.utils.TestNGListener?[0;39m - 
======================================================================
18:00:40.891 ?[34mINFO ?[0;39m [Test worker] ?[36mcom.carbooking.utils.TestNGListener?[0;39m - ****  TEST STARTED: testGetBookingByIdFromDb
18:00:40.891 ?[34mINFO ?[0;39m [Test worker] ?[36mcom.carbooking.utils.TestNGListener?[0;39m - ======================================================================
Test passed! Booking found. Status: CONFIRMED
18:00:40.938 ?[34mINFO ?[0;39m [Test worker] ?[36mcom.carbooking.utils.TestNGListener?[0;39m - ✅ TEST PASSED: testGetBookingByIdFromDb
18:00:40.938 ?[34mINFO ?[0;39m [Test worker] ?[36mcom.carbooking.utils.TestNGListener?[0;39m - ----------------------------------------------------------------------
]]></system-out>
  <system-err><![CDATA[]]></system-err>
</testsuite>
