<?xml version="1.0" encoding="UTF-8"?>
<!-- Generated by org.testng.reporters.JUnitXMLReporter -->
<testsuite ignored="0" hostname="vitrom" failures="2" tests="11" name="Command line test" time="128.376" errors="0" timestamp="2026-03-25T17:59:28 CET">
  <testcase classname="com.carbooking.gui.tests.positive.LoginPositiveTests" name="loginPositiveTest" time="3.967"/>
  <testcase classname="com.carbooking.gui.tests.positive.BookingPositiveTests" name="testCarBookingSuccess" time="7.441"/>
  <testcase classname="com.carbooking.gui.tests.positive.RegistrationPositiveTests" name="testUserRegistration" time="22.366">
    <failure type="java.lang.AssertionError" message="ОШИБКА: Регистрация прошла, но автоматический вход не выполнен. URL: http://localhost:5173/register expected [true] but found [false]">
      <![CDATA[java.lang.AssertionError: ОШИБКА: Регистрация прошла, но автоматический вход не выполнен. URL: http://localhost:5173/register expected [true] but found [false]
at com.carbooking.gui.tests.positive.RegistrationPositiveTests.testUserRegistration(RegistrationPositiveTests.java:34)
at java.base/java.util.ArrayList.forEach(ArrayList.java:1596)
at com.carbooking.gui.tests.all.AllTestsRunner.runEverything(AllTestsRunner.java:27)
at java.base/java.util.ArrayList.forEach(ArrayList.java:1596)
at jdk.proxy1/jdk.proxy1.$Proxy4.stop(Unknown Source)
... Removed 66 stack frames]]>
    </failure>
  </testcase> <!-- testUserRegistration -->
  <testcase classname="com.carbooking.gui.tests.negative.LoginNegativeTests" name="loginWithInvalidPassword" time="12.586"/>
  <testcase classname="com.carbooking.gui.tests.negative.LoginNegativeTests" name="loginWithEmptyEmail" time="10.476"/>
  <testcase classname="com.carbooking.gui.tests.negative.LoginNegativeTests" name="loginWithInvalidEmailFormat" time="10.599"/>
  <testcase classname="com.carbooking.gui.tests.negative.BookingNegativeTests" name="testBookingInPastDates" time="23.497"/>
  <testcase classname="com.carbooking.gui.tests.negative.BookingNegativeTests" name="testBookingWithoutLogin" time="10.162"/>
  <testcase classname="com.carbooking.gui.tests.SecurityTests" name="findIdorThreat" time="0.912">
    <failure type="java.lang.AssertionError" message="УГРОЗА УТЕЧКИ: Персональные данные других пользователей доступны через манипуляцию ID в URL! expected [true] but found [false]">
      <![CDATA[java.lang.AssertionError: УГРОЗА УТЕЧКИ: Персональные данные других пользователей доступны через манипуляцию ID в URL! expected [true] but found [false]
at com.carbooking.gui.tests.SecurityTests.findIdorThreat(SecurityTests.java:35)
at java.base/java.util.ArrayList.forEach(ArrayList.java:1596)
at com.carbooking.gui.tests.all.AllTestsRunner.runEverything(AllTestsRunner.java:27)
at java.base/java.util.ArrayList.forEach(ArrayList.java:1596)
at jdk.proxy1/jdk.proxy1.$Proxy4.stop(Unknown Source)
... Removed 66 stack frames]]>
    </failure>
  </testcase> <!-- findIdorThreat -->
  <testcase classname="com.carbooking.gui.tests.SecurityTests" name="findSqlInjectionThreat" time="0.486"/>
  <testcase classname="com.carbooking.gui.tests.all.FullWorkflowTest" name="testFullCarBookingWorkflow" time="6.084"/>
</testsuite> <!-- Command line test -->
