<?xml version="1.0" encoding="UTF-8"?>
<!-- Generated by org.testng.reporters.JUnitReportReporter -->
<testsuite hostname="vitrom" failures="0" tests="3" name="com.carbooking.gui.tests.negative.LoginNegativeTests" time="38.857" errors="0" timestamp="2026-03-25T17:59:28 CET" skipped="0">
  <testcase classname="com.carbooking.gui.tests.negative.LoginNegativeTests" name="loginWithInvalidPassword" time="14.412"/>
  <testcase classname="com.carbooking.gui.tests.negative.LoginNegativeTests" name="loginWithEmptyEmail" time="12.208"/>
  <testcase classname="com.carbooking.gui.tests.negative.LoginNegativeTests" name="loginWithInvalidEmailFormat" time="12.237"/>
</testsuite> <!-- com.carbooking.gui.tests.negative.LoginNegativeTests -->
