<?xml version="1.0" encoding="UTF-8"?>
<!-- Generated by org.testng.reporters.JUnitReportReporter -->
<testsuite hostname="vitrom" failures="0" tests="2" name="com.carbooking.gui.tests.negative.BookingNegativeTests" time="37.376" errors="0" timestamp="2026-03-25T17:59:28 CET" skipped="0">
  <testcase classname="com.carbooking.gui.tests.negative.BookingNegativeTests" name="testBookingInPastDates" time="25.421"/>
  <testcase classname="com.carbooking.gui.tests.negative.BookingNegativeTests" name="testBookingWithoutLogin" time="11.955"/>
</testsuite> <!-- com.carbooking.gui.tests.negative.BookingNegativeTests -->
